{
"contracts/CDS.sol":{"l":{"70":2,"74":2,"94":42,"104":42,"106":42,"107":42,"108":42,"110":42,"111":42,"112":42,"113":42,"115":42,"126":32,"127":31,"129":31,"130":31,"131":31,"132":31,"134":31,"135":31,"138":31,"139":16,"141":0,"143":15,"146":31,"149":31,"156":7,"157":7,"161":7,"162":7,"163":7,"171":6,"174":6,"190":3,"195":3,"198":3,"199":3,"210":1,"211":1,"212":1,"214":1,"216":0,"218":0,"220":0,"222":1,"233":47,"240":12,"251":3,"252":1,"264":4,"275":1,"276":1,"287":0,"288":0,"293":0,"303":1,"308":1,"318":1,"322":1,"327":1,"338":3,"342":2,"346":1,"348":1,"349":1,"350":1,"357":31,"359":31,"360":31,"361":31,"368":3,"370":3,"371":3,"372":3,"383":3,"388":3,"389":3,"400":46,"407":3,"408":3,"410":0,"418":0,"419":0,"420":0,"422":0,"437":1,"438":1,"445":1,"446":1,"447":1,"460":1,"461":1,"462":0},"path":"/Users/mbs/insureDAO/pool-contracts/contracts/CDS.sol","s":{"1":2,"2":42,"3":42,"4":42,"5":42,"6":42,"7":42,"8":42,"9":42,"10":42,"11":42,"12":32,"13":31,"14":31,"15":31,"16":31,"17":31,"18":31,"19":31,"20":31,"21":16,"22":15,"23":0,"24":15,"25":31,"26":31,"27":7,"28":7,"29":7,"30":7,"31":7,"32":6,"33":6,"34":3,"35":3,"36":3,"37":3,"38":1,"39":1,"40":1,"41":1,"42":0,"43":0,"44":0,"45":1,"46":47,"47":12,"48":3,"49":1,"50":4,"51":1,"52":1,"53":0,"54":0,"55":0,"56":1,"57":1,"58":1,"59":1,"60":1,"61":3,"62":2,"63":1,"64":1,"65":1,"66":1,"67":31,"68":31,"69":31,"70":31,"71":3,"72":3,"73":3,"74":3,"75":3,"76":3,"77":3,"78":46,"79":3,"80":3,"81":0,"82":0,"83":0,"84":0,"85":0,"86":1,"87":1,"88":1,"89":1,"90":1,"91":1,"92":1,"93":0},"b":{"1":[2,0],"2":[42,0],"3":[31,1],"4":[31,0],"5":[16,15],"6":[0,15],"7":[7,0],"8":[3,3],"9":[1,0],"10":[1,0],"11":[1,0],"12":[2,1],"13":[1,1],"14":[31,0],"15":[3,0],"16":[3,0],"17":[3,0],"18":[0,0],"19":[1,0],"20":[0,1]},"f":{"1":2,"2":42,"3":32,"4":7,"5":6,"6":1,"7":47,"8":12,"9":3,"10":4,"11":1,"12":0,"13":1,"14":1,"15":3,"16":31,"17":3,"18":3,"19":46,"20":3,"21":0,"22":1,"23":1,"24":1},"fnMap":{"1":{"name":"onlyOwner","line":69,"loc":{"start":{"line":69,"column":4},"end":{"line":75,"column":4}}},"2":{"name":"initialize","line":89,"loc":{"start":{"line":89,"column":4},"end":{"line":116,"column":4}}},"3":{"name":"deposit","line":125,"loc":{"start":{"line":125,"column":4},"end":{"line":150,"column":4}}},"4":{"name":"requestWithdraw","line":155,"loc":{"start":{"line":155,"column":4},"end":{"line":164,"column":4}}},"5":{"name":"withdraw","line":169,"loc":{"start":{"line":169,"column":4},"end":{"line":200,"column":4}}},"6":{"name":"compensate","line":209,"loc":{"start":{"line":209,"column":4},"end":{"line":223,"column":4}}},"7":{"name":"totalSupply","line":232,"loc":{"start":{"line":232,"column":4},"end":{"line":234,"column":4}}},"8":{"name":"balanceOf","line":239,"loc":{"start":{"line":239,"column":4},"end":{"line":241,"column":4}}},"9":{"name":"transfer","line":246,"loc":{"start":{"line":246,"column":4},"end":{"line":253,"column":4}}},"10":{"name":"allowance","line":258,"loc":{"start":{"line":258,"column":4},"end":{"line":265,"column":4}}},"11":{"name":"approve","line":270,"loc":{"start":{"line":270,"column":4},"end":{"line":277,"column":4}}},"12":{"name":"transferFrom","line":282,"loc":{"start":{"line":282,"column":4},"end":{"line":294,"column":4}}},"13":{"name":"increaseAllowance","line":299,"loc":{"start":{"line":299,"column":4},"end":{"line":309,"column":4}}},"14":{"name":"decreaseAllowance","line":314,"loc":{"start":{"line":314,"column":4},"end":{"line":328,"column":4}}},"15":{"name":"_transfer","line":333,"loc":{"start":{"line":333,"column":4},"end":{"line":351,"column":4}}},"16":{"name":"_mint","line":356,"loc":{"start":{"line":356,"column":4},"end":{"line":362,"column":4}}},"17":{"name":"_burn","line":367,"loc":{"start":{"line":367,"column":4},"end":{"line":373,"column":4}}},"18":{"name":"_approve","line":378,"loc":{"start":{"line":378,"column":4},"end":{"line":390,"column":4}}},"19":{"name":"totalLiquidity","line":399,"loc":{"start":{"line":399,"column":4},"end":{"line":401,"column":4}}},"20":{"name":"rate","line":406,"loc":{"start":{"line":406,"column":4},"end":{"line":412,"column":4}}},"21":{"name":"valueOfUnderlying","line":417,"loc":{"start":{"line":417,"column":4},"end":{"line":427,"column":4}}},"22":{"name":"changeMetadata","line":436,"loc":{"start":{"line":436,"column":4},"end":{"line":439,"column":4}}},"23":{"name":"setPaused","line":444,"loc":{"start":{"line":444,"column":4},"end":{"line":449,"column":4}}},"24":{"name":"_beforeTokenTransfer","line":458,"loc":{"start":{"line":458,"column":4},"end":{"line":464,"column":4}}}},"statementMap":{"1":{"start":{"line":70,"column":8},"end":{"line":70,"column":1949}},"2":{"start":{"line":94,"column":8},"end":{"line":94,"column":2563}},"3":{"start":{"line":104,"column":8},"end":{"line":104,"column":25}},"4":{"start":{"line":106,"column":8},"end":{"line":106,"column":29}},"5":{"start":{"line":107,"column":8},"end":{"line":107,"column":22}},"6":{"start":{"line":108,"column":8},"end":{"line":108,"column":59}},"7":{"start":{"line":110,"column":8},"end":{"line":110,"column":47}},"8":{"start":{"line":111,"column":8},"end":{"line":111,"column":58}},"9":{"start":{"line":112,"column":8},"end":{"line":112,"column":43}},"10":{"start":{"line":113,"column":8},"end":{"line":113,"column":39}},"11":{"start":{"line":115,"column":8},"end":{"line":115,"column":27}},"12":{"start":{"line":126,"column":8},"end":{"line":126,"column":58}},"13":{"start":{"line":127,"column":8},"end":{"line":127,"column":27}},"14":{"start":{"line":129,"column":8},"end":{"line":129,"column":68}},"15":{"start":{"line":130,"column":8},"end":{"line":130,"column":40}},"16":{"start":{"line":131,"column":8},"end":{"line":131,"column":39}},"17":{"start":{"line":132,"column":8},"end":{"line":132,"column":50}},"18":{"start":{"line":134,"column":8},"end":{"line":134,"column":54}},"19":{"start":{"line":135,"column":8},"end":{"line":135,"column":62}},"20":{"start":{"line":138,"column":8},"end":{"line":138,"column":4000}},"21":{"start":{"line":139,"column":12},"end":{"line":139,"column":63}},"22":{"start":{"line":140,"column":15},"end":{"line":140,"column":4123}},"23":{"start":{"line":141,"column":12},"end":{"line":141,"column":42}},"24":{"start":{"line":143,"column":12},"end":{"line":143,"column":29}},"25":{"start":{"line":146,"column":8},"end":{"line":146,"column":54}},"26":{"start":{"line":149,"column":8},"end":{"line":149,"column":37}},"27":{"start":{"line":156,"column":8},"end":{"line":156,"column":48}},"28":{"start":{"line":157,"column":8},"end":{"line":157,"column":4585}},"29":{"start":{"line":161,"column":8},"end":{"line":161,"column":60}},"30":{"start":{"line":162,"column":8},"end":{"line":162,"column":49}},"31":{"start":{"line":163,"column":8},"end":{"line":163,"column":68}},"32":{"start":{"line":171,"column":8},"end":{"line":171,"column":5109}},"33":{"start":{"line":174,"column":8},"end":{"line":174,"column":5219}},"34":{"start":{"line":190,"column":8},"end":{"line":190,"column":5850}},"35":{"start":{"line":195,"column":8},"end":{"line":195,"column":33}},"36":{"start":{"line":198,"column":8},"end":{"line":198,"column":47}},"37":{"start":{"line":199,"column":8},"end":{"line":199,"column":51}},"38":{"start":{"line":210,"column":8},"end":{"line":210,"column":45}},"39":{"start":{"line":211,"column":8},"end":{"line":211,"column":65}},"40":{"start":{"line":212,"column":8},"end":{"line":212,"column":6455}},"41":{"start":{"line":214,"column":12},"end":{"line":214,"column":51}},"42":{"start":{"line":216,"column":12},"end":{"line":216,"column":55}},"43":{"start":{"line":218,"column":12},"end":{"line":218,"column":54}},"44":{"start":{"line":220,"column":12},"end":{"line":220,"column":43}},"45":{"start":{"line":222,"column":8},"end":{"line":222,"column":45}},"46":{"start":{"line":233,"column":8},"end":{"line":233,"column":27}},"47":{"start":{"line":240,"column":8},"end":{"line":240,"column":33}},"48":{"start":{"line":251,"column":8},"end":{"line":251,"column":47}},"49":{"start":{"line":252,"column":8},"end":{"line":252,"column":19}},"50":{"start":{"line":264,"column":8},"end":{"line":264,"column":42}},"51":{"start":{"line":275,"column":8},"end":{"line":275,"column":43}},"52":{"start":{"line":276,"column":8},"end":{"line":276,"column":19}},"53":{"start":{"line":287,"column":8},"end":{"line":287,"column":43}},"54":{"start":{"line":288,"column":8},"end":{"line":288,"column":8254}},"55":{"start":{"line":293,"column":8},"end":{"line":293,"column":19}},"56":{"start":{"line":303,"column":8},"end":{"line":303,"column":8625}},"57":{"start":{"line":308,"column":8},"end":{"line":308,"column":19}},"58":{"start":{"line":318,"column":8},"end":{"line":318,"column":9007}},"59":{"start":{"line":322,"column":8},"end":{"line":322,"column":9152}},"60":{"start":{"line":327,"column":8},"end":{"line":327,"column":19}},"61":{"start":{"line":338,"column":8},"end":{"line":338,"column":9518}},"62":{"start":{"line":342,"column":8},"end":{"line":342,"column":9652}},"63":{"start":{"line":346,"column":8},"end":{"line":346,"column":43}},"64":{"start":{"line":348,"column":8},"end":{"line":348,"column":56}},"65":{"start":{"line":349,"column":8},"end":{"line":349,"column":62}},"66":{"start":{"line":350,"column":8},"end":{"line":350,"column":48}},"67":{"start":{"line":357,"column":8},"end":{"line":357,"column":72}},"68":{"start":{"line":359,"column":8},"end":{"line":359,"column":46}},"69":{"start":{"line":360,"column":8},"end":{"line":360,"column":58}},"70":{"start":{"line":361,"column":8},"end":{"line":361,"column":50}},"71":{"start":{"line":368,"column":8},"end":{"line":368,"column":74}},"72":{"start":{"line":370,"column":8},"end":{"line":370,"column":45}},"73":{"start":{"line":371,"column":8},"end":{"line":371,"column":57}},"74":{"start":{"line":372,"column":8},"end":{"line":372,"column":49}},"75":{"start":{"line":383,"column":8},"end":{"line":383,"column":11011}},"76":{"start":{"line":388,"column":8},"end":{"line":388,"column":45}},"77":{"start":{"line":389,"column":8},"end":{"line":389,"column":47}},"78":{"start":{"line":400,"column":8},"end":{"line":400,"column":51}},"79":{"start":{"line":407,"column":8},"end":{"line":407,"column":11667}},"80":{"start":{"line":408,"column":12},"end":{"line":408,"column":63}},"81":{"start":{"line":410,"column":12},"end":{"line":410,"column":20}},"82":{"start":{"line":418,"column":8},"end":{"line":418,"column":44}},"83":{"start":{"line":419,"column":8},"end":{"line":419,"column":12018}},"84":{"start":{"line":420,"column":12},"end":{"line":420,"column":20}},"85":{"start":{"line":422,"column":12},"end":{"line":422,"column":12099}},"86":{"start":{"line":437,"column":8},"end":{"line":437,"column":27}},"87":{"start":{"line":438,"column":8},"end":{"line":438,"column":39}},"88":{"start":{"line":445,"column":8},"end":{"line":445,"column":12623}},"89":{"start":{"line":446,"column":12},"end":{"line":446,"column":25}},"90":{"start":{"line":447,"column":12},"end":{"line":447,"column":30}},"91":{"start":{"line":460,"column":8},"end":{"line":460,"column":54}},"92":{"start":{"line":461,"column":8},"end":{"line":461,"column":13043}},"93":{"start":{"line":462,"column":12},"end":{"line":462,"column":47}}},"branchMap":{"1":{"line":70,"type":"if","locations":[{"start":{"line":70,"column":8},"end":{"line":70,"column":8}},{"start":{"line":70,"column":8},"end":{"line":70,"column":8}}]},"2":{"line":94,"type":"if","locations":[{"start":{"line":94,"column":8},"end":{"line":94,"column":8}},{"start":{"line":94,"column":8},"end":{"line":94,"column":8}}]},"3":{"line":126,"type":"if","locations":[{"start":{"line":126,"column":8},"end":{"line":126,"column":8}},{"start":{"line":126,"column":8},"end":{"line":126,"column":8}}]},"4":{"line":127,"type":"if","locations":[{"start":{"line":127,"column":8},"end":{"line":127,"column":8}},{"start":{"line":127,"column":8},"end":{"line":127,"column":8}}]},"5":{"line":138,"type":"if","locations":[{"start":{"line":138,"column":8},"end":{"line":138,"column":8}},{"start":{"line":138,"column":8},"end":{"line":138,"column":8}}]},"6":{"line":140,"type":"if","locations":[{"start":{"line":140,"column":15},"end":{"line":140,"column":15}},{"start":{"line":140,"column":15},"end":{"line":140,"column":15}}]},"7":{"line":157,"type":"if","locations":[{"start":{"line":157,"column":8},"end":{"line":157,"column":8}},{"start":{"line":157,"column":8},"end":{"line":157,"column":8}}]},"8":{"line":174,"type":"if","locations":[{"start":{"line":174,"column":8},"end":{"line":174,"column":8}},{"start":{"line":174,"column":8},"end":{"line":174,"column":8}}]},"9":{"line":210,"type":"if","locations":[{"start":{"line":210,"column":8},"end":{"line":210,"column":8}},{"start":{"line":210,"column":8},"end":{"line":210,"column":8}}]},"10":{"line":212,"type":"if","locations":[{"start":{"line":212,"column":8},"end":{"line":212,"column":8}},{"start":{"line":212,"column":8},"end":{"line":212,"column":8}}]},"11":{"line":318,"type":"if","locations":[{"start":{"line":318,"column":8},"end":{"line":318,"column":8}},{"start":{"line":318,"column":8},"end":{"line":318,"column":8}}]},"12":{"line":338,"type":"if","locations":[{"start":{"line":338,"column":8},"end":{"line":338,"column":8}},{"start":{"line":338,"column":8},"end":{"line":338,"column":8}}]},"13":{"line":342,"type":"if","locations":[{"start":{"line":342,"column":8},"end":{"line":342,"column":8}},{"start":{"line":342,"column":8},"end":{"line":342,"column":8}}]},"14":{"line":357,"type":"if","locations":[{"start":{"line":357,"column":8},"end":{"line":357,"column":8}},{"start":{"line":357,"column":8},"end":{"line":357,"column":8}}]},"15":{"line":368,"type":"if","locations":[{"start":{"line":368,"column":8},"end":{"line":368,"column":8}},{"start":{"line":368,"column":8},"end":{"line":368,"column":8}}]},"16":{"line":383,"type":"if","locations":[{"start":{"line":383,"column":8},"end":{"line":383,"column":8}},{"start":{"line":383,"column":8},"end":{"line":383,"column":8}}]},"17":{"line":407,"type":"if","locations":[{"start":{"line":407,"column":8},"end":{"line":407,"column":8}},{"start":{"line":407,"column":8},"end":{"line":407,"column":8}}]},"18":{"line":419,"type":"if","locations":[{"start":{"line":419,"column":8},"end":{"line":419,"column":8}},{"start":{"line":419,"column":8},"end":{"line":419,"column":8}}]},"19":{"line":445,"type":"if","locations":[{"start":{"line":445,"column":8},"end":{"line":445,"column":8}},{"start":{"line":445,"column":8},"end":{"line":445,"column":8}}]},"20":{"line":461,"type":"if","locations":[{"start":{"line":461,"column":8},"end":{"line":461,"column":8}},{"start":{"line":461,"column":8},"end":{"line":461,"column":8}}]}}},
"contracts/Factory.sol":{"l":{"68":820,"72":820,"76":264,"77":264,"90":174,"91":174,"92":174,"93":174,"94":174,"107":646,"108":646,"109":646,"110":646,"122":0,"123":0,"124":0,"137":221,"141":221,"142":0,"144":221,"145":221,"146":842,"154":221,"155":221,"156":358,"157":0,"162":221,"166":221,"168":221,"175":221,"176":221,"178":221,"184":130,"186":91,"187":1,"191":220,"200":221,"201":221,"224":0,"225":0,"227":0,"228":0,"229":0,"231":0,"235":0,"239":0,"241":0,"242":0,"244":0,"246":0},"path":"/Users/mbs/insureDAO/pool-contracts/contracts/Factory.sol","s":{"1":820,"2":264,"3":264,"4":174,"5":174,"6":174,"7":174,"8":174,"9":646,"10":646,"11":646,"12":646,"13":0,"14":0,"15":0,"16":221,"17":221,"18":0,"19":221,"20":221,"21":842,"22":221,"23":221,"24":358,"25":0,"26":221,"27":221,"28":221,"29":221,"30":221,"31":221,"32":130,"33":91,"34":1,"35":220,"36":221,"37":0,"38":0,"39":0,"40":0,"41":0,"42":0,"43":0,"44":0,"45":0,"46":0,"47":0,"48":0},"b":{"1":[820,0],"2":[174,0],"3":[646,0],"4":[646,0],"5":[0,0],"6":[221,0],"7":[0,221],"8":[0,0],"9":[221,0],"10":[842,0],"11":[221,0],"12":[0,358],"13":[130,91],"14":[1,90],"15":[0,0],"16":[0,0],"17":[0,0],"18":[0,0]},"f":{"1":820,"2":264,"3":174,"4":646,"5":0,"6":221,"7":221,"8":0,"9":0},"fnMap":{"1":{"name":"onlyOwner","line":67,"loc":{"start":{"line":67,"column":4},"end":{"line":73,"column":4}}},"2":{"name":"constructor","line":75,"loc":{"start":{"line":75,"column":4},"end":{"line":78,"column":4}}},"3":{"name":"approveTemplate","line":89,"loc":{"start":{"line":84,"column":4},"end":{"line":95,"column":4}}},"4":{"name":"approveReference","line":106,"loc":{"start":{"line":101,"column":4},"end":{"line":111,"column":4}}},"5":{"name":"setCondition","line":121,"loc":{"start":{"line":117,"column":4},"end":{"line":125,"column":4}}},"6":{"name":"createMarket","line":131,"loc":{"start":{"line":131,"column":4},"end":{"line":192,"column":4}}},"7":{"name":"_createClone","line":198,"loc":{"start":{"line":198,"column":4},"end":{"line":219,"column":4}}},"8":{"name":"commitTransferOwnership","line":223,"loc":{"start":{"line":223,"column":4},"end":{"line":232,"column":4}}},"9":{"name":"applyTransferOwnership","line":234,"loc":{"start":{"line":234,"column":4},"end":{"line":247,"column":4}}}},"statementMap":{"1":{"start":{"line":68,"column":8},"end":{"line":68,"column":1888}},"2":{"start":{"line":76,"column":8},"end":{"line":76,"column":25}},"3":{"start":{"line":77,"column":8},"end":{"line":77,"column":27}},"4":{"start":{"line":90,"column":8},"end":{"line":90,"column":48}},"5":{"start":{"line":91,"column":8},"end":{"line":91,"column":57}},"6":{"start":{"line":92,"column":8},"end":{"line":92,"column":55}},"7":{"start":{"line":93,"column":8},"end":{"line":93,"column":64}},"8":{"start":{"line":94,"column":8},"end":{"line":94,"column":72}},"9":{"start":{"line":107,"column":8},"end":{"line":107,"column":54}},"10":{"start":{"line":108,"column":8},"end":{"line":108,"column":62}},"11":{"start":{"line":109,"column":8},"end":{"line":109,"column":62}},"12":{"start":{"line":110,"column":8},"end":{"line":110,"column":68}},"13":{"start":{"line":122,"column":8},"end":{"line":122,"column":62}},"14":{"start":{"line":123,"column":8},"end":{"line":123,"column":57}},"15":{"start":{"line":124,"column":8},"end":{"line":124,"column":57}},"16":{"start":{"line":137,"column":8},"end":{"line":137,"column":4028}},"17":{"start":{"line":141,"column":8},"end":{"line":141,"column":4151}},"18":{"start":{"line":142,"column":12},"end":{"line":142,"column":62}},"19":{"start":{"line":144,"column":8},"end":{"line":144,"column":4286}},"20":{"start":{"line":145,"column":12},"end":{"line":145,"column":4332}},"21":{"start":{"line":146,"column":16},"end":{"line":146,"column":4403}},"22":{"start":{"line":154,"column":8},"end":{"line":154,"column":4653}},"23":{"start":{"line":155,"column":12},"end":{"line":155,"column":4699}},"24":{"start":{"line":156,"column":16},"end":{"line":156,"column":4770}},"25":{"start":{"line":157,"column":20},"end":{"line":157,"column":71}},"26":{"start":{"line":162,"column":8},"end":{"line":162,"column":4935}},"27":{"start":{"line":166,"column":8},"end":{"line":166,"column":61}},"28":{"start":{"line":168,"column":8},"end":{"line":168,"column":5108}},"29":{"start":{"line":175,"column":8},"end":{"line":175,"column":36}},"30":{"start":{"line":176,"column":8},"end":{"line":176,"column":57}},"31":{"start":{"line":178,"column":8},"end":{"line":178,"column":5378}},"32":{"start":{"line":184,"column":12},"end":{"line":184,"column":75}},"33":{"start":{"line":186,"column":12},"end":{"line":186,"column":5642}},"34":{"start":{"line":187,"column":16},"end":{"line":187,"column":41}},"35":{"start":{"line":191,"column":8},"end":{"line":191,"column":30}},"36":{"start":{"line":200,"column":8},"end":{"line":200,"column":45}},"37":{"start":{"line":224,"column":8},"end":{"line":224,"column":72}},"38":{"start":{"line":225,"column":8},"end":{"line":225,"column":57}},"39":{"start":{"line":227,"column":8},"end":{"line":227,"column":68}},"40":{"start":{"line":228,"column":8},"end":{"line":228,"column":46}},"41":{"start":{"line":229,"column":8},"end":{"line":229,"column":28}},"42":{"start":{"line":231,"column":8},"end":{"line":231,"column":46}},"43":{"start":{"line":235,"column":8},"end":{"line":235,"column":7408}},"44":{"start":{"line":239,"column":8},"end":{"line":239,"column":75}},"45":{"start":{"line":241,"column":8},"end":{"line":241,"column":38}},"46":{"start":{"line":242,"column":8},"end":{"line":242,"column":37}},"47":{"start":{"line":244,"column":8},"end":{"line":244,"column":21}},"48":{"start":{"line":246,"column":8},"end":{"line":246,"column":28}}},"branchMap":{"1":{"line":68,"type":"if","locations":[{"start":{"line":68,"column":8},"end":{"line":68,"column":8}},{"start":{"line":68,"column":8},"end":{"line":68,"column":8}}]},"2":{"line":90,"type":"if","locations":[{"start":{"line":90,"column":8},"end":{"line":90,"column":8}},{"start":{"line":90,"column":8},"end":{"line":90,"column":8}}]},"3":{"line":107,"type":"if","locations":[{"start":{"line":107,"column":8},"end":{"line":107,"column":8}},{"start":{"line":107,"column":8},"end":{"line":107,"column":8}}]},"4":{"line":108,"type":"if","locations":[{"start":{"line":108,"column":8},"end":{"line":108,"column":8}},{"start":{"line":108,"column":8},"end":{"line":108,"column":8}}]},"5":{"line":122,"type":"if","locations":[{"start":{"line":122,"column":8},"end":{"line":122,"column":8}},{"start":{"line":122,"column":8},"end":{"line":122,"column":8}}]},"6":{"line":137,"type":"if","locations":[{"start":{"line":137,"column":8},"end":{"line":137,"column":8}},{"start":{"line":137,"column":8},"end":{"line":137,"column":8}}]},"7":{"line":141,"type":"if","locations":[{"start":{"line":141,"column":8},"end":{"line":141,"column":8}},{"start":{"line":141,"column":8},"end":{"line":141,"column":8}}]},"8":{"line":142,"type":"if","locations":[{"start":{"line":142,"column":12},"end":{"line":142,"column":12}},{"start":{"line":142,"column":12},"end":{"line":142,"column":12}}]},"9":{"line":144,"type":"if","locations":[{"start":{"line":144,"column":8},"end":{"line":144,"column":8}},{"start":{"line":144,"column":8},"end":{"line":144,"column":8}}]},"10":{"line":146,"type":"if","locations":[{"start":{"line":146,"column":16},"end":{"line":146,"column":16}},{"start":{"line":146,"column":16},"end":{"line":146,"column":16}}]},"11":{"line":154,"type":"if","locations":[{"start":{"line":154,"column":8},"end":{"line":154,"column":8}},{"start":{"line":154,"column":8},"end":{"line":154,"column":8}}]},"12":{"line":156,"type":"if","locations":[{"start":{"line":156,"column":16},"end":{"line":156,"column":16}},{"start":{"line":156,"column":16},"end":{"line":156,"column":16}}]},"13":{"line":178,"type":"if","locations":[{"start":{"line":178,"column":8},"end":{"line":178,"column":8}},{"start":{"line":178,"column":8},"end":{"line":178,"column":8}}]},"14":{"line":186,"type":"if","locations":[{"start":{"line":186,"column":12},"end":{"line":186,"column":12}},{"start":{"line":186,"column":12},"end":{"line":186,"column":12}}]},"15":{"line":224,"type":"if","locations":[{"start":{"line":224,"column":8},"end":{"line":224,"column":8}},{"start":{"line":224,"column":8},"end":{"line":224,"column":8}}]},"16":{"line":225,"type":"if","locations":[{"start":{"line":225,"column":8},"end":{"line":225,"column":8}},{"start":{"line":225,"column":8},"end":{"line":225,"column":8}}]},"17":{"line":235,"type":"if","locations":[{"start":{"line":235,"column":8},"end":{"line":235,"column":8}},{"start":{"line":235,"column":8},"end":{"line":235,"column":8}}]},"18":{"line":239,"type":"if","locations":[{"start":{"line":239,"column":8},"end":{"line":239,"column":8}},{"start":{"line":239,"column":8},"end":{"line":239,"column":8}}]}}},
"contracts/FeeModel.sol":{"l":{"22":94,"23":92,"27":282,"31":30,"35":88,"36":88,"40":0,"44":94,"48":2,"49":2,"51":2,"52":2,"53":2,"55":2,"59":2,"63":2,"65":1,"66":1,"68":1,"70":1},"path":"/Users/mbs/insureDAO/pool-contracts/contracts/FeeModel.sol","s":{"1":94,"2":282,"3":30,"4":88,"5":88,"6":0,"7":94,"8":2,"9":2,"10":2,"11":2,"12":2,"13":2,"14":2,"15":2,"16":1,"17":1,"18":1,"19":1},"b":{"1":[92,2],"2":[88,0],"3":[2,0],"4":[2,0],"5":[2,0],"6":[1,1]},"f":{"1":94,"2":282,"3":30,"4":88,"5":0,"6":94,"7":2,"8":2},"fnMap":{"1":{"name":"onlyOwner","line":21,"loc":{"start":{"line":21,"column":4},"end":{"line":24,"column":4}}},"2":{"name":"constructor","line":26,"loc":{"start":{"line":26,"column":4},"end":{"line":28,"column":4}}},"3":{"name":"getFee","line":30,"loc":{"start":{"line":30,"column":4},"end":{"line":32,"column":4}}},"4":{"name":"setFee","line":34,"loc":{"start":{"line":34,"column":4},"end":{"line":37,"column":4}}},"5":{"name":"getOwner","line":39,"loc":{"start":{"line":39,"column":4},"end":{"line":41,"column":4}}},"6":{"name":"isOwner","line":43,"loc":{"start":{"line":43,"column":4},"end":{"line":45,"column":4}}},"7":{"name":"commitTransferOwnership","line":47,"loc":{"start":{"line":47,"column":4},"end":{"line":56,"column":4}}},"8":{"name":"applyTransferOwnership","line":58,"loc":{"start":{"line":58,"column":4},"end":{"line":71,"column":4}}}},"statementMap":{"1":{"start":{"line":22,"column":8},"end":{"line":22,"column":73}},"2":{"start":{"line":27,"column":8},"end":{"line":27,"column":25}},"3":{"start":{"line":31,"column":8},"end":{"line":31,"column":49}},"4":{"start":{"line":35,"column":8},"end":{"line":35,"column":63}},"5":{"start":{"line":36,"column":8},"end":{"line":36,"column":25}},"6":{"start":{"line":40,"column":8},"end":{"line":40,"column":20}},"7":{"start":{"line":44,"column":8},"end":{"line":44,"column":34}},"8":{"start":{"line":48,"column":8},"end":{"line":48,"column":72}},"9":{"start":{"line":49,"column":8},"end":{"line":49,"column":57}},"10":{"start":{"line":51,"column":8},"end":{"line":51,"column":68}},"11":{"start":{"line":52,"column":8},"end":{"line":52,"column":46}},"12":{"start":{"line":53,"column":8},"end":{"line":53,"column":28}},"13":{"start":{"line":55,"column":8},"end":{"line":55,"column":46}},"14":{"start":{"line":59,"column":8},"end":{"line":59,"column":1710}},"15":{"start":{"line":63,"column":8},"end":{"line":63,"column":75}},"16":{"start":{"line":65,"column":8},"end":{"line":65,"column":38}},"17":{"start":{"line":66,"column":8},"end":{"line":66,"column":37}},"18":{"start":{"line":68,"column":8},"end":{"line":68,"column":21}},"19":{"start":{"line":70,"column":8},"end":{"line":70,"column":28}}},"branchMap":{"1":{"line":22,"type":"if","locations":[{"start":{"line":22,"column":8},"end":{"line":22,"column":8}},{"start":{"line":22,"column":8},"end":{"line":22,"column":8}}]},"2":{"line":35,"type":"if","locations":[{"start":{"line":35,"column":8},"end":{"line":35,"column":8}},{"start":{"line":35,"column":8},"end":{"line":35,"column":8}}]},"3":{"line":48,"type":"if","locations":[{"start":{"line":48,"column":8},"end":{"line":48,"column":8}},{"start":{"line":48,"column":8},"end":{"line":48,"column":8}}]},"4":{"line":49,"type":"if","locations":[{"start":{"line":49,"column":8},"end":{"line":49,"column":8}},{"start":{"line":49,"column":8},"end":{"line":49,"column":8}}]},"5":{"line":59,"type":"if","locations":[{"start":{"line":59,"column":8},"end":{"line":59,"column":8}},{"start":{"line":59,"column":8},"end":{"line":59,"column":8}}]},"6":{"line":63,"type":"if","locations":[{"start":{"line":63,"column":8},"end":{"line":63,"column":8}},{"start":{"line":63,"column":8},"end":{"line":63,"column":8}}]}}},
"contracts/IndexTemplate.sol":{"l":{"90":122,"94":122,"113":42,"122":42,"124":42,"125":42,"126":42,"128":42,"129":42,"130":42,"132":42,"143":44,"144":42,"146":42,"147":42,"148":42,"149":42,"150":42,"151":42,"152":42,"157":42,"159":42,"160":16,"162":0,"164":26,"166":42,"168":42,"169":42,"176":12,"177":12,"181":12,"182":12,"183":12,"191":15,"193":15,"194":14,"209":8,"215":7,"219":7,"222":7,"223":7,"225":7,"227":7,"235":26,"236":26,"237":26,"238":62,"239":60,"241":60,"242":26,"244":60,"245":0,"249":26,"250":0,"252":21,"254":5,"262":0,"270":168,"282":175,"285":175,"286":175,"287":175,"289":175,"290":306,"291":306,"294":306,"297":306,"299":306,"304":4,"305":4,"306":4,"307":4,"308":4,"310":302,"315":175,"316":306,"318":302,"322":302,"326":302,"328":302,"330":12,"331":12,"332":12,"334":302,"336":99,"337":99,"338":99,"340":302,"341":191,"358":3,"359":3,"361":2,"365":1,"366":1,"368":1,"370":1,"371":1,"374":1,"376":3,"377":3,"388":3,"389":3,"390":3,"397":4,"398":4,"399":4,"400":4,"402":4,"403":4,"414":92,"421":19,"432":4,"433":2,"445":4,"456":1,"457":1,"468":0,"469":0,"474":0,"484":1,"489":1,"499":1,"503":1,"508":1,"519":4,"523":3,"527":2,"529":2,"530":2,"531":2,"538":42,"540":42,"541":42,"542":42,"549":7,"551":7,"552":7,"553":7,"564":3,"569":3,"570":3,"582":41,"583":41,"588":0,"596":583,"603":3,"604":3,"606":0,"614":1,"615":1,"616":0,"618":1,"623":0,"634":1,"635":1,"636":1,"644":1,"645":1,"652":45,"653":45,"654":45,"665":75,"666":75,"671":75,"672":72,"673":72,"675":3,"676":0,"678":0,"680":3,"682":75,"683":33,"687":42,"689":75,"690":75,"691":75,"703":2,"704":2,"705":1,"713":588,"714":1166,"715":1147},"path":"/Users/mbs/insureDAO/pool-contracts/contracts/IndexTemplate.sol","s":{"1":122,"2":42,"3":42,"4":42,"5":42,"6":42,"7":42,"8":42,"9":42,"10":42,"11":44,"12":42,"13":42,"14":42,"15":42,"16":42,"17":42,"18":42,"19":42,"20":42,"21":42,"22":16,"23":26,"24":0,"25":26,"26":42,"27":42,"28":42,"29":12,"30":12,"31":12,"32":12,"33":12,"34":15,"35":15,"36":14,"37":8,"38":7,"39":7,"40":7,"41":7,"42":7,"43":7,"44":26,"45":26,"46":26,"47":62,"48":60,"49":60,"50":26,"51":60,"52":0,"53":26,"54":0,"55":26,"56":21,"57":5,"58":0,"59":168,"60":175,"61":175,"62":175,"63":175,"64":175,"65":306,"66":306,"67":306,"68":306,"69":306,"70":4,"71":4,"72":4,"73":4,"74":4,"75":302,"76":175,"77":306,"78":302,"79":302,"80":302,"81":302,"82":12,"83":12,"84":12,"85":302,"86":99,"87":99,"88":99,"89":302,"90":191,"91":3,"92":3,"93":2,"94":1,"95":1,"96":1,"97":1,"98":1,"99":1,"100":3,"101":3,"102":3,"103":3,"104":3,"105":4,"106":4,"107":4,"108":4,"109":4,"110":4,"111":92,"112":19,"113":4,"114":2,"115":4,"116":1,"117":1,"118":0,"119":0,"120":0,"121":1,"122":1,"123":1,"124":1,"125":1,"126":4,"127":3,"128":2,"129":2,"130":2,"131":2,"132":42,"133":42,"134":42,"135":42,"136":7,"137":7,"138":7,"139":7,"140":3,"141":3,"142":3,"143":41,"144":41,"145":0,"146":583,"147":3,"148":3,"149":0,"150":1,"151":1,"152":0,"153":1,"154":0,"155":1,"156":1,"157":1,"158":1,"159":1,"160":45,"161":45,"162":45,"163":75,"164":75,"165":75,"166":72,"167":72,"168":3,"169":0,"170":0,"171":3,"172":75,"173":33,"174":42,"175":75,"176":75,"177":75,"178":2,"179":2,"180":1,"181":588,"182":1166,"183":1147},"b":{"1":[122,0],"2":[42,0],"3":[42,2],"4":[42,0],"5":[16,26],"6":[0,26],"7":[12,0],"8":[14,1],"9":[8,6],"10":[7,1],"11":[26,0],"12":[60,2],"13":[26,34],"14":[0,60],"15":[0,26],"16":[21,5],"17":[306,0],"18":[4,302],"19":[302,4],"20":[12,290],"21":[99,203],"22":[191,111],"23":[3,0],"24":[2,1],"25":[1,0],"26":[3,0],"27":[4,0],"28":[4,0],"29":[1,0],"30":[3,1],"31":[2,1],"32":[42,0],"33":[7,0],"34":[3,0],"35":[41,0],"36":[3,0],"37":[0,1],"38":[1,0],"39":[75,0],"40":[75,0],"41":[72,3],"42":[72,0],"43":[0,3],"44":[33,42],"45":[1,1],"46":[1147,19]},"f":{"1":122,"2":42,"3":44,"4":12,"5":15,"6":26,"7":168,"8":175,"9":3,"10":3,"11":4,"12":92,"13":19,"14":4,"15":4,"16":1,"17":0,"18":1,"19":1,"20":4,"21":42,"22":7,"23":3,"24":41,"25":583,"26":3,"27":1,"28":0,"29":1,"30":1,"31":45,"32":75,"33":2,"34":588},"fnMap":{"1":{"name":"onlyOwner","line":89,"loc":{"start":{"line":89,"column":4},"end":{"line":95,"column":4}}},"2":{"name":"initialize","line":108,"loc":{"start":{"line":108,"column":4},"end":{"line":133,"column":4}}},"3":{"name":"deposit","line":142,"loc":{"start":{"line":142,"column":4},"end":{"line":170,"column":4}}},"4":{"name":"requestWithdraw","line":175,"loc":{"start":{"line":175,"column":4},"end":{"line":184,"column":4}}},"5":{"name":"withdraw","line":189,"loc":{"start":{"line":189,"column":4},"end":{"line":228,"column":4}}},"6":{"name":"withdrawable","line":234,"loc":{"start":{"line":234,"column":4},"end":{"line":264,"column":4}}},"7":{"name":"adjustAlloc","line":269,"loc":{"start":{"line":269,"column":4},"end":{"line":271,"column":4}}},"8":{"name":"_adjustAlloc","line":280,"loc":{"start":{"line":280,"column":4},"end":{"line":345,"column":4}}},"9":{"name":"compensate","line":357,"loc":{"start":{"line":357,"column":4},"end":{"line":378,"column":4}}},"10":{"name":"resume","line":387,"loc":{"start":{"line":387,"column":4},"end":{"line":391,"column":4}}},"11":{"name":"lock","line":396,"loc":{"start":{"line":396,"column":4},"end":{"line":404,"column":4}}},"12":{"name":"totalSupply","line":413,"loc":{"start":{"line":413,"column":4},"end":{"line":415,"column":4}}},"13":{"name":"balanceOf","line":420,"loc":{"start":{"line":420,"column":4},"end":{"line":422,"column":4}}},"14":{"name":"transfer","line":427,"loc":{"start":{"line":427,"column":4},"end":{"line":434,"column":4}}},"15":{"name":"allowance","line":439,"loc":{"start":{"line":439,"column":4},"end":{"line":446,"column":4}}},"16":{"name":"approve","line":451,"loc":{"start":{"line":451,"column":4},"end":{"line":458,"column":4}}},"17":{"name":"transferFrom","line":463,"loc":{"start":{"line":463,"column":4},"end":{"line":475,"column":4}}},"18":{"name":"increaseAllowance","line":480,"loc":{"start":{"line":480,"column":4},"end":{"line":490,"column":4}}},"19":{"name":"decreaseAllowance","line":495,"loc":{"start":{"line":495,"column":4},"end":{"line":509,"column":4}}},"20":{"name":"_transfer","line":514,"loc":{"start":{"line":514,"column":4},"end":{"line":532,"column":4}}},"21":{"name":"_mint","line":537,"loc":{"start":{"line":537,"column":4},"end":{"line":543,"column":4}}},"22":{"name":"_burn","line":548,"loc":{"start":{"line":548,"column":4},"end":{"line":554,"column":4}}},"23":{"name":"_approve","line":559,"loc":{"start":{"line":559,"column":4},"end":{"line":571,"column":4}}},"24":{"name":"leverage","line":580,"loc":{"start":{"line":580,"column":4},"end":{"line":590,"column":4}}},"25":{"name":"totalLiquidity","line":595,"loc":{"start":{"line":595,"column":4},"end":{"line":597,"column":4}}},"26":{"name":"rate","line":602,"loc":{"start":{"line":602,"column":4},"end":{"line":608,"column":4}}},"27":{"name":"valueOfUnderlying","line":613,"loc":{"start":{"line":613,"column":4},"end":{"line":620,"column":4}}},"28":{"name":"getAllPools","line":622,"loc":{"start":{"line":622,"column":4},"end":{"line":624,"column":4}}},"29":{"name":"setPaused","line":633,"loc":{"start":{"line":633,"column":4},"end":{"line":638,"column":4}}},"30":{"name":"changeMetadata","line":643,"loc":{"start":{"line":643,"column":4},"end":{"line":646,"column":4}}},"31":{"name":"setLeverage","line":651,"loc":{"start":{"line":651,"column":4},"end":{"line":655,"column":4}}},"32":{"name":"set","line":664,"loc":{"start":{"line":660,"column":4},"end":{"line":692,"column":4}}},"33":{"name":"_beforeTokenTransfer","line":701,"loc":{"start":{"line":701,"column":4},"end":{"line":707,"column":4}}},"34":{"name":"_accruedPremiums","line":712,"loc":{"start":{"line":712,"column":4},"end":{"line":720,"column":4}}}},"statementMap":{"1":{"start":{"line":90,"column":8},"end":{"line":90,"column":2583}},"2":{"start":{"line":113,"column":8},"end":{"line":113,"column":3167}},"3":{"start":{"line":122,"column":8},"end":{"line":122,"column":25}},"4":{"start":{"line":124,"column":8},"end":{"line":124,"column":31}},"5":{"start":{"line":125,"column":8},"end":{"line":125,"column":24}},"6":{"start":{"line":126,"column":8},"end":{"line":126,"column":59}},"7":{"start":{"line":128,"column":8},"end":{"line":128,"column":47}},"8":{"start":{"line":129,"column":8},"end":{"line":129,"column":58}},"9":{"start":{"line":130,"column":8},"end":{"line":130,"column":43}},"10":{"start":{"line":132,"column":8},"end":{"line":132,"column":27}},"11":{"start":{"line":143,"column":8},"end":{"line":143,"column":77}},"12":{"start":{"line":144,"column":8},"end":{"line":144,"column":27}},"13":{"start":{"line":146,"column":8},"end":{"line":146,"column":68}},"14":{"start":{"line":147,"column":8},"end":{"line":147,"column":68}},"15":{"start":{"line":148,"column":8},"end":{"line":148,"column":50}},"16":{"start":{"line":149,"column":8},"end":{"line":149,"column":39}},"17":{"start":{"line":150,"column":8},"end":{"line":150,"column":50}},"18":{"start":{"line":151,"column":8},"end":{"line":151,"column":54}},"19":{"start":{"line":152,"column":8},"end":{"line":152,"column":4488}},"20":{"start":{"line":157,"column":8},"end":{"line":157,"column":62}},"21":{"start":{"line":159,"column":8},"end":{"line":159,"column":4683}},"22":{"start":{"line":160,"column":12},"end":{"line":160,"column":63}},"23":{"start":{"line":161,"column":15},"end":{"line":161,"column":4806}},"24":{"start":{"line":162,"column":12},"end":{"line":162,"column":42}},"25":{"start":{"line":164,"column":12},"end":{"line":164,"column":29}},"26":{"start":{"line":166,"column":8},"end":{"line":166,"column":54}},"27":{"start":{"line":168,"column":8},"end":{"line":168,"column":37}},"28":{"start":{"line":169,"column":8},"end":{"line":169,"column":20}},"29":{"start":{"line":176,"column":8},"end":{"line":176,"column":48}},"30":{"start":{"line":177,"column":8},"end":{"line":177,"column":5289}},"31":{"start":{"line":181,"column":8},"end":{"line":181,"column":60}},"32":{"start":{"line":182,"column":8},"end":{"line":182,"column":49}},"33":{"start":{"line":183,"column":8},"end":{"line":183,"column":68}},"34":{"start":{"line":191,"column":8},"end":{"line":191,"column":65}},"35":{"start":{"line":193,"column":8},"end":{"line":193,"column":60}},"36":{"start":{"line":194,"column":8},"end":{"line":194,"column":5945}},"37":{"start":{"line":209,"column":8},"end":{"line":209,"column":6542}},"38":{"start":{"line":215,"column":8},"end":{"line":215,"column":6700}},"39":{"start":{"line":219,"column":8},"end":{"line":219,"column":33}},"40":{"start":{"line":222,"column":8},"end":{"line":222,"column":63}},"41":{"start":{"line":223,"column":8},"end":{"line":223,"column":36}},"42":{"start":{"line":225,"column":8},"end":{"line":225,"column":47}},"43":{"start":{"line":227,"column":8},"end":{"line":227,"column":51}},"44":{"start":{"line":235,"column":8},"end":{"line":235,"column":7447}},"45":{"start":{"line":236,"column":12},"end":{"line":236,"column":27}},"46":{"start":{"line":237,"column":12},"end":{"line":237,"column":7520}},"47":{"start":{"line":238,"column":16},"end":{"line":238,"column":7588}},"48":{"start":{"line":239,"column":20},"end":{"line":239,"column":7670}},"49":{"start":{"line":241,"column":20},"end":{"line":241,"column":7762}},"50":{"start":{"line":242,"column":24},"end":{"line":242,"column":45}},"51":{"start":{"line":244,"column":20},"end":{"line":244,"column":7866}},"52":{"start":{"line":245,"column":24},"end":{"line":245,"column":45}},"53":{"start":{"line":249,"column":12},"end":{"line":249,"column":8002}},"54":{"start":{"line":250,"column":16},"end":{"line":250,"column":26}},"55":{"start":{"line":251,"column":19},"end":{"line":251,"column":8080}},"56":{"start":{"line":252,"column":16},"end":{"line":252,"column":41}},"57":{"start":{"line":254,"column":16},"end":{"line":254,"column":8212}},"58":{"start":{"line":262,"column":12},"end":{"line":262,"column":22}},"59":{"start":{"line":270,"column":8},"end":{"line":270,"column":37}},"60":{"start":{"line":282,"column":8},"end":{"line":282,"column":9155}},"61":{"start":{"line":285,"column":8},"end":{"line":285,"column":67}},"62":{"start":{"line":286,"column":8},"end":{"line":286,"column":44}},"63":{"start":{"line":287,"column":8},"end":{"line":287,"column":52}},"64":{"start":{"line":289,"column":8},"end":{"line":289,"column":9617}},"65":{"start":{"line":290,"column":12},"end":{"line":290,"column":9681}},"66":{"start":{"line":291,"column":16},"end":{"line":291,"column":9759}},"67":{"start":{"line":294,"column":16},"end":{"line":294,"column":9877}},"68":{"start":{"line":297,"column":16},"end":{"line":297,"column":10031}},"69":{"start":{"line":299,"column":16},"end":{"line":299,"column":10113}},"70":{"start":{"line":304,"column":20},"end":{"line":304,"column":72}},"71":{"start":{"line":305,"column":20},"end":{"line":305,"column":78}},"72":{"start":{"line":306,"column":20},"end":{"line":306,"column":44}},"73":{"start":{"line":307,"column":20},"end":{"line":307,"column":59}},"74":{"start":{"line":308,"column":20},"end":{"line":308,"column":65}},"75":{"start":{"line":310,"column":20},"end":{"line":310,"column":45}},"76":{"start":{"line":315,"column":8},"end":{"line":315,"column":10878}},"77":{"start":{"line":316,"column":12},"end":{"line":316,"column":10943}},"78":{"start":{"line":318,"column":16},"end":{"line":318,"column":11079}},"79":{"start":{"line":322,"column":16},"end":{"line":322,"column":11257}},"80":{"start":{"line":326,"column":16},"end":{"line":326,"column":11412}},"81":{"start":{"line":328,"column":16},"end":{"line":328,"column":11494}},"82":{"start":{"line":330,"column":20},"end":{"line":330,"column":61}},"83":{"start":{"line":331,"column":20},"end":{"line":331,"column":71}},"84":{"start":{"line":332,"column":20},"end":{"line":332,"column":77}},"85":{"start":{"line":334,"column":16},"end":{"line":334,"column":11875}},"86":{"start":{"line":336,"column":20},"end":{"line":336,"column":61}},"87":{"start":{"line":337,"column":20},"end":{"line":337,"column":71}},"88":{"start":{"line":338,"column":20},"end":{"line":338,"column":77}},"89":{"start":{"line":340,"column":16},"end":{"line":340,"column":12209}},"90":{"start":{"line":341,"column":20},"end":{"line":341,"column":63}},"91":{"start":{"line":358,"column":8},"end":{"line":358,"column":43}},"92":{"start":{"line":359,"column":8},"end":{"line":359,"column":12802}},"93":{"start":{"line":361,"column":12},"end":{"line":361,"column":51}},"94":{"start":{"line":365,"column":12},"end":{"line":365,"column":13166}},"95":{"start":{"line":366,"column":16},"end":{"line":366,"column":59}},"96":{"start":{"line":368,"column":12},"end":{"line":368,"column":13302}},"97":{"start":{"line":370,"column":16},"end":{"line":370,"column":65}},"98":{"start":{"line":371,"column":16},"end":{"line":371,"column":73}},"99":{"start":{"line":374,"column":12},"end":{"line":374,"column":51}},"100":{"start":{"line":376,"column":8},"end":{"line":376,"column":20}},"101":{"start":{"line":377,"column":8},"end":{"line":377,"column":45}},"102":{"start":{"line":388,"column":8},"end":{"line":388,"column":45}},"103":{"start":{"line":389,"column":8},"end":{"line":389,"column":21}},"104":{"start":{"line":390,"column":8},"end":{"line":390,"column":22}},"105":{"start":{"line":397,"column":8},"end":{"line":397,"column":43}},"106":{"start":{"line":398,"column":8},"end":{"line":398,"column":56}},"107":{"start":{"line":399,"column":8},"end":{"line":399,"column":14106}},"108":{"start":{"line":400,"column":12},"end":{"line":400,"column":53}},"109":{"start":{"line":402,"column":8},"end":{"line":402,"column":20}},"110":{"start":{"line":403,"column":8},"end":{"line":403,"column":21}},"111":{"start":{"line":414,"column":8},"end":{"line":414,"column":27}},"112":{"start":{"line":421,"column":8},"end":{"line":421,"column":33}},"113":{"start":{"line":432,"column":8},"end":{"line":432,"column":47}},"114":{"start":{"line":433,"column":8},"end":{"line":433,"column":19}},"115":{"start":{"line":445,"column":8},"end":{"line":445,"column":42}},"116":{"start":{"line":456,"column":8},"end":{"line":456,"column":43}},"117":{"start":{"line":457,"column":8},"end":{"line":457,"column":19}},"118":{"start":{"line":468,"column":8},"end":{"line":468,"column":43}},"119":{"start":{"line":469,"column":8},"end":{"line":469,"column":15615}},"120":{"start":{"line":474,"column":8},"end":{"line":474,"column":19}},"121":{"start":{"line":484,"column":8},"end":{"line":484,"column":15986}},"122":{"start":{"line":489,"column":8},"end":{"line":489,"column":19}},"123":{"start":{"line":499,"column":8},"end":{"line":499,"column":16368}},"124":{"start":{"line":503,"column":8},"end":{"line":503,"column":16513}},"125":{"start":{"line":508,"column":8},"end":{"line":508,"column":19}},"126":{"start":{"line":519,"column":8},"end":{"line":519,"column":16879}},"127":{"start":{"line":523,"column":8},"end":{"line":523,"column":17013}},"128":{"start":{"line":527,"column":8},"end":{"line":527,"column":43}},"129":{"start":{"line":529,"column":8},"end":{"line":529,"column":56}},"130":{"start":{"line":530,"column":8},"end":{"line":530,"column":62}},"131":{"start":{"line":531,"column":8},"end":{"line":531,"column":48}},"132":{"start":{"line":538,"column":8},"end":{"line":538,"column":72}},"133":{"start":{"line":540,"column":8},"end":{"line":540,"column":46}},"134":{"start":{"line":541,"column":8},"end":{"line":541,"column":58}},"135":{"start":{"line":542,"column":8},"end":{"line":542,"column":50}},"136":{"start":{"line":549,"column":8},"end":{"line":549,"column":74}},"137":{"start":{"line":551,"column":8},"end":{"line":551,"column":45}},"138":{"start":{"line":552,"column":8},"end":{"line":552,"column":57}},"139":{"start":{"line":553,"column":8},"end":{"line":553,"column":49}},"140":{"start":{"line":564,"column":8},"end":{"line":564,"column":18372}},"141":{"start":{"line":569,"column":8},"end":{"line":569,"column":45}},"142":{"start":{"line":570,"column":8},"end":{"line":570,"column":47}},"143":{"start":{"line":582,"column":8},"end":{"line":582,"column":18809}},"144":{"start":{"line":583,"column":12},"end":{"line":583,"column":18858}},"145":{"start":{"line":588,"column":12},"end":{"line":588,"column":20}},"146":{"start":{"line":596,"column":8},"end":{"line":596,"column":75}},"147":{"start":{"line":603,"column":8},"end":{"line":603,"column":19449}},"148":{"start":{"line":604,"column":12},"end":{"line":604,"column":63}},"149":{"start":{"line":606,"column":12},"end":{"line":606,"column":20}},"150":{"start":{"line":614,"column":8},"end":{"line":614,"column":44}},"151":{"start":{"line":615,"column":8},"end":{"line":615,"column":19800}},"152":{"start":{"line":616,"column":12},"end":{"line":616,"column":20}},"153":{"start":{"line":618,"column":12},"end":{"line":618,"column":68}},"154":{"start":{"line":623,"column":8},"end":{"line":623,"column":23}},"155":{"start":{"line":634,"column":8},"end":{"line":634,"column":20225}},"156":{"start":{"line":635,"column":12},"end":{"line":635,"column":25}},"157":{"start":{"line":636,"column":12},"end":{"line":636,"column":30}},"158":{"start":{"line":644,"column":8},"end":{"line":644,"column":27}},"159":{"start":{"line":645,"column":8},"end":{"line":645,"column":39}},"160":{"start":{"line":652,"column":8},"end":{"line":652,"column":26}},"161":{"start":{"line":653,"column":8},"end":{"line":653,"column":20}},"162":{"start":{"line":654,"column":8},"end":{"line":654,"column":33}},"163":{"start":{"line":665,"column":8},"end":{"line":665,"column":67}},"164":{"start":{"line":666,"column":8},"end":{"line":666,"column":21035}},"165":{"start":{"line":671,"column":8},"end":{"line":671,"column":21212}},"166":{"start":{"line":672,"column":12},"end":{"line":672,"column":65}},"167":{"start":{"line":673,"column":12},"end":{"line":673,"column":31}},"168":{"start":{"line":675,"column":12},"end":{"line":675,"column":21380}},"169":{"start":{"line":676,"column":16},"end":{"line":676,"column":21502}},"170":{"start":{"line":678,"column":16},"end":{"line":678,"column":71}},"171":{"start":{"line":680,"column":12},"end":{"line":680,"column":35}},"172":{"start":{"line":682,"column":8},"end":{"line":682,"column":21707}},"173":{"start":{"line":683,"column":12},"end":{"line":683,"column":21750}},"174":{"start":{"line":687,"column":12},"end":{"line":687,"column":40}},"175":{"start":{"line":689,"column":8},"end":{"line":689,"column":39}},"176":{"start":{"line":690,"column":8},"end":{"line":690,"column":20}},"177":{"start":{"line":691,"column":8},"end":{"line":691,"column":54}},"178":{"start":{"line":703,"column":8},"end":{"line":703,"column":54}},"179":{"start":{"line":704,"column":8},"end":{"line":704,"column":22370}},"180":{"start":{"line":705,"column":12},"end":{"line":705,"column":47}},"181":{"start":{"line":713,"column":8},"end":{"line":713,"column":22648}},"182":{"start":{"line":714,"column":12},"end":{"line":714,"column":22712}},"183":{"start":{"line":715,"column":16},"end":{"line":715,"column":22768}}},"branchMap":{"1":{"line":90,"type":"if","locations":[{"start":{"line":90,"column":8},"end":{"line":90,"column":8}},{"start":{"line":90,"column":8},"end":{"line":90,"column":8}}]},"2":{"line":113,"type":"if","locations":[{"start":{"line":113,"column":8},"end":{"line":113,"column":8}},{"start":{"line":113,"column":8},"end":{"line":113,"column":8}}]},"3":{"line":143,"type":"if","locations":[{"start":{"line":143,"column":8},"end":{"line":143,"column":8}},{"start":{"line":143,"column":8},"end":{"line":143,"column":8}}]},"4":{"line":144,"type":"if","locations":[{"start":{"line":144,"column":8},"end":{"line":144,"column":8}},{"start":{"line":144,"column":8},"end":{"line":144,"column":8}}]},"5":{"line":159,"type":"if","locations":[{"start":{"line":159,"column":8},"end":{"line":159,"column":8}},{"start":{"line":159,"column":8},"end":{"line":159,"column":8}}]},"6":{"line":161,"type":"if","locations":[{"start":{"line":161,"column":15},"end":{"line":161,"column":15}},{"start":{"line":161,"column":15},"end":{"line":161,"column":15}}]},"7":{"line":177,"type":"if","locations":[{"start":{"line":177,"column":8},"end":{"line":177,"column":8}},{"start":{"line":177,"column":8},"end":{"line":177,"column":8}}]},"8":{"line":193,"type":"if","locations":[{"start":{"line":193,"column":8},"end":{"line":193,"column":8}},{"start":{"line":193,"column":8},"end":{"line":193,"column":8}}]},"9":{"line":194,"type":"if","locations":[{"start":{"line":194,"column":8},"end":{"line":194,"column":8}},{"start":{"line":194,"column":8},"end":{"line":194,"column":8}}]},"10":{"line":209,"type":"if","locations":[{"start":{"line":209,"column":8},"end":{"line":209,"column":8}},{"start":{"line":209,"column":8},"end":{"line":209,"column":8}}]},"11":{"line":235,"type":"if","locations":[{"start":{"line":235,"column":8},"end":{"line":235,"column":8}},{"start":{"line":235,"column":8},"end":{"line":235,"column":8}}]},"12":{"line":238,"type":"if","locations":[{"start":{"line":238,"column":16},"end":{"line":238,"column":16}},{"start":{"line":238,"column":16},"end":{"line":238,"column":16}}]},"13":{"line":241,"type":"if","locations":[{"start":{"line":241,"column":20},"end":{"line":241,"column":20}},{"start":{"line":241,"column":20},"end":{"line":241,"column":20}}]},"14":{"line":244,"type":"if","locations":[{"start":{"line":244,"column":20},"end":{"line":244,"column":20}},{"start":{"line":244,"column":20},"end":{"line":244,"column":20}}]},"15":{"line":249,"type":"if","locations":[{"start":{"line":249,"column":12},"end":{"line":249,"column":12}},{"start":{"line":249,"column":12},"end":{"line":249,"column":12}}]},"16":{"line":251,"type":"if","locations":[{"start":{"line":251,"column":19},"end":{"line":251,"column":19}},{"start":{"line":251,"column":19},"end":{"line":251,"column":19}}]},"17":{"line":290,"type":"if","locations":[{"start":{"line":290,"column":12},"end":{"line":290,"column":12}},{"start":{"line":290,"column":12},"end":{"line":290,"column":12}}]},"18":{"line":299,"type":"if","locations":[{"start":{"line":299,"column":16},"end":{"line":299,"column":16}},{"start":{"line":299,"column":16},"end":{"line":299,"column":16}}]},"19":{"line":316,"type":"if","locations":[{"start":{"line":316,"column":12},"end":{"line":316,"column":12}},{"start":{"line":316,"column":12},"end":{"line":316,"column":12}}]},"20":{"line":328,"type":"if","locations":[{"start":{"line":328,"column":16},"end":{"line":328,"column":16}},{"start":{"line":328,"column":16},"end":{"line":328,"column":16}}]},"21":{"line":334,"type":"if","locations":[{"start":{"line":334,"column":16},"end":{"line":334,"column":16}},{"start":{"line":334,"column":16},"end":{"line":334,"column":16}}]},"22":{"line":340,"type":"if","locations":[{"start":{"line":340,"column":16},"end":{"line":340,"column":16}},{"start":{"line":340,"column":16},"end":{"line":340,"column":16}}]},"23":{"line":358,"type":"if","locations":[{"start":{"line":358,"column":8},"end":{"line":358,"column":8}},{"start":{"line":358,"column":8},"end":{"line":358,"column":8}}]},"24":{"line":359,"type":"if","locations":[{"start":{"line":359,"column":8},"end":{"line":359,"column":8}},{"start":{"line":359,"column":8},"end":{"line":359,"column":8}}]},"25":{"line":368,"type":"if","locations":[{"start":{"line":368,"column":12},"end":{"line":368,"column":12}},{"start":{"line":368,"column":12},"end":{"line":368,"column":12}}]},"26":{"line":388,"type":"if","locations":[{"start":{"line":388,"column":8},"end":{"line":388,"column":8}},{"start":{"line":388,"column":8},"end":{"line":388,"column":8}}]},"27":{"line":397,"type":"if","locations":[{"start":{"line":397,"column":8},"end":{"line":397,"column":8}},{"start":{"line":397,"column":8},"end":{"line":397,"column":8}}]},"28":{"line":399,"type":"if","locations":[{"start":{"line":399,"column":8},"end":{"line":399,"column":8}},{"start":{"line":399,"column":8},"end":{"line":399,"column":8}}]},"29":{"line":499,"type":"if","locations":[{"start":{"line":499,"column":8},"end":{"line":499,"column":8}},{"start":{"line":499,"column":8},"end":{"line":499,"column":8}}]},"30":{"line":519,"type":"if","locations":[{"start":{"line":519,"column":8},"end":{"line":519,"column":8}},{"start":{"line":519,"column":8},"end":{"line":519,"column":8}}]},"31":{"line":523,"type":"if","locations":[{"start":{"line":523,"column":8},"end":{"line":523,"column":8}},{"start":{"line":523,"column":8},"end":{"line":523,"column":8}}]},"32":{"line":538,"type":"if","locations":[{"start":{"line":538,"column":8},"end":{"line":538,"column":8}},{"start":{"line":538,"column":8},"end":{"line":538,"column":8}}]},"33":{"line":549,"type":"if","locations":[{"start":{"line":549,"column":8},"end":{"line":549,"column":8}},{"start":{"line":549,"column":8},"end":{"line":549,"column":8}}]},"34":{"line":564,"type":"if","locations":[{"start":{"line":564,"column":8},"end":{"line":564,"column":8}},{"start":{"line":564,"column":8},"end":{"line":564,"column":8}}]},"35":{"line":582,"type":"if","locations":[{"start":{"line":582,"column":8},"end":{"line":582,"column":8}},{"start":{"line":582,"column":8},"end":{"line":582,"column":8}}]},"36":{"line":603,"type":"if","locations":[{"start":{"line":603,"column":8},"end":{"line":603,"column":8}},{"start":{"line":603,"column":8},"end":{"line":603,"column":8}}]},"37":{"line":615,"type":"if","locations":[{"start":{"line":615,"column":8},"end":{"line":615,"column":8}},{"start":{"line":615,"column":8},"end":{"line":615,"column":8}}]},"38":{"line":634,"type":"if","locations":[{"start":{"line":634,"column":8},"end":{"line":634,"column":8}},{"start":{"line":634,"column":8},"end":{"line":634,"column":8}}]},"39":{"line":665,"type":"if","locations":[{"start":{"line":665,"column":8},"end":{"line":665,"column":8}},{"start":{"line":665,"column":8},"end":{"line":665,"column":8}}]},"40":{"line":666,"type":"if","locations":[{"start":{"line":666,"column":8},"end":{"line":666,"column":8}},{"start":{"line":666,"column":8},"end":{"line":666,"column":8}}]},"41":{"line":671,"type":"if","locations":[{"start":{"line":671,"column":8},"end":{"line":671,"column":8}},{"start":{"line":671,"column":8},"end":{"line":671,"column":8}}]},"42":{"line":672,"type":"if","locations":[{"start":{"line":672,"column":12},"end":{"line":672,"column":12}},{"start":{"line":672,"column":12},"end":{"line":672,"column":12}}]},"43":{"line":675,"type":"if","locations":[{"start":{"line":675,"column":12},"end":{"line":675,"column":12}},{"start":{"line":675,"column":12},"end":{"line":675,"column":12}}]},"44":{"line":682,"type":"if","locations":[{"start":{"line":682,"column":8},"end":{"line":682,"column":8}},{"start":{"line":682,"column":8},"end":{"line":682,"column":8}}]},"45":{"line":704,"type":"if","locations":[{"start":{"line":704,"column":8},"end":{"line":704,"column":8}},{"start":{"line":704,"column":8},"end":{"line":704,"column":8}}]},"46":{"line":714,"type":"if","locations":[{"start":{"line":714,"column":12},"end":{"line":714,"column":12}},{"start":{"line":714,"column":12},"end":{"line":714,"column":12}}]}}},
"contracts/interfaces/ICDS.sol":{"l":{},"path":"/Users/mbs/insureDAO/pool-contracts/contracts/interfaces/ICDS.sol","s":{},"b":{},"f":{},"fnMap":{},"statementMap":{},"branchMap":{}},
"contracts/interfaces/IController.sol":{"l":{},"path":"/Users/mbs/insureDAO/pool-contracts/contracts/interfaces/IController.sol","s":{},"b":{},"f":{},"fnMap":{},"statementMap":{},"branchMap":{}},
"contracts/interfaces/IFeeModel.sol":{"l":{},"path":"/Users/mbs/insureDAO/pool-contracts/contracts/interfaces/IFeeModel.sol","s":{},"b":{},"f":{},"fnMap":{},"statementMap":{},"branchMap":{}},
"contracts/interfaces/IIndexTemplate.sol":{"l":{},"path":"/Users/mbs/insureDAO/pool-contracts/contracts/interfaces/IIndexTemplate.sol","s":{},"b":{},"f":{},"fnMap":{},"statementMap":{},"branchMap":{}},
"contracts/interfaces/IMinter.sol":{"l":{},"path":"/Users/mbs/insureDAO/pool-contracts/contracts/interfaces/IMinter.sol","s":{},"b":{},"f":{},"fnMap":{},"statementMap":{},"branchMap":{}},
"contracts/interfaces/IParameters.sol":{"l":{},"path":"/Users/mbs/insureDAO/pool-contracts/contracts/interfaces/IParameters.sol","s":{},"b":{},"f":{},"fnMap":{},"statementMap":{},"branchMap":{}},
"contracts/interfaces/IPoolTemplate.sol":{"l":{},"path":"/Users/mbs/insureDAO/pool-contracts/contracts/interfaces/IPoolTemplate.sol","s":{},"b":{},"f":{},"fnMap":{},"statementMap":{},"branchMap":{}},
"contracts/interfaces/IPremiumModel.sol":{"l":{},"path":"/Users/mbs/insureDAO/pool-contracts/contracts/interfaces/IPremiumModel.sol","s":{},"b":{},"f":{},"fnMap":{},"statementMap":{},"branchMap":{}},
"contracts/interfaces/IRegistry.sol":{"l":{},"path":"/Users/mbs/insureDAO/pool-contracts/contracts/interfaces/IRegistry.sol","s":{},"b":{},"f":{},"fnMap":{},"statementMap":{},"branchMap":{}},
"contracts/interfaces/IUniversalMarket.sol":{"l":{},"path":"/Users/mbs/insureDAO/pool-contracts/contracts/interfaces/IUniversalMarket.sol","s":{},"b":{},"f":{},"fnMap":{},"statementMap":{},"branchMap":{}},
"contracts/interfaces/IVault.sol":{"l":{},"path":"/Users/mbs/insureDAO/pool-contracts/contracts/interfaces/IVault.sol","s":{},"b":{},"f":{},"fnMap":{},"statementMap":{},"branchMap":{}},
"contracts/libraries/ERC20.sol":{"l":{"42":0,"49":908,"65":43,"66":43,"78":0,"93":147,"94":147,"114":290,"115":290,"120":290,"139":0,"144":0,"165":0,"170":0,"192":333,"193":333,"195":333,"196":333,"197":333,"210":286,"212":286,"213":286,"214":286,"229":0,"231":0,"232":0,"233":0,"254":437,"255":437,"257":437,"258":437,"268":0,"269":0},"path":"/Users/mbs/insureDAO/pool-contracts/contracts/libraries/ERC20.sol","s":{"1":0,"2":908,"3":43,"4":43,"5":0,"6":147,"7":147,"8":290,"9":290,"10":290,"11":0,"12":0,"13":0,"14":0,"15":333,"16":333,"17":333,"18":333,"19":333,"20":286,"21":286,"22":286,"23":286,"24":0,"25":0,"26":0,"27":0,"28":437,"29":437,"30":437,"31":437,"32":0,"33":0},"b":{"1":[333,0],"2":[333,0],"3":[286,0],"4":[0,0],"5":[437,0],"6":[437,0]},"f":{"1":0,"2":908,"3":43,"4":0,"5":147,"6":290,"7":0,"8":0,"9":333,"10":286,"11":0,"12":437,"13":0},"fnMap":{"1":{"name":"totalSupply","line":41,"loc":{"start":{"line":41,"column":4},"end":{"line":43,"column":4}}},"2":{"name":"balanceOf","line":48,"loc":{"start":{"line":48,"column":4},"end":{"line":50,"column":4}}},"3":{"name":"transfer","line":60,"loc":{"start":{"line":60,"column":4},"end":{"line":67,"column":4}}},"4":{"name":"allowance","line":72,"loc":{"start":{"line":72,"column":4},"end":{"line":79,"column":4}}},"5":{"name":"approve","line":88,"loc":{"start":{"line":88,"column":4},"end":{"line":95,"column":4}}},"6":{"name":"transferFrom","line":109,"loc":{"start":{"line":109,"column":4},"end":{"line":121,"column":4}}},"7":{"name":"increaseAllowance","line":135,"loc":{"start":{"line":135,"column":4},"end":{"line":145,"column":4}}},"8":{"name":"decreaseAllowance","line":161,"loc":{"start":{"line":161,"column":4},"end":{"line":171,"column":4}}},"9":{"name":"_transfer","line":187,"loc":{"start":{"line":187,"column":4},"end":{"line":198,"column":4}}},"10":{"name":"_mint","line":209,"loc":{"start":{"line":209,"column":4},"end":{"line":215,"column":4}}},"11":{"name":"_burn","line":228,"loc":{"start":{"line":228,"column":4},"end":{"line":234,"column":4}}},"12":{"name":"_approve","line":249,"loc":{"start":{"line":249,"column":4},"end":{"line":259,"column":4}}},"13":{"name":"_burnFrom","line":267,"loc":{"start":{"line":267,"column":4},"end":{"line":274,"column":4}}}},"statementMap":{"1":{"start":{"line":42,"column":8},"end":{"line":42,"column":27}},"2":{"start":{"line":49,"column":8},"end":{"line":49,"column":33}},"3":{"start":{"line":65,"column":8},"end":{"line":65,"column":47}},"4":{"start":{"line":66,"column":8},"end":{"line":66,"column":19}},"5":{"start":{"line":78,"column":8},"end":{"line":78,"column":42}},"6":{"start":{"line":93,"column":8},"end":{"line":93,"column":43}},"7":{"start":{"line":94,"column":8},"end":{"line":94,"column":19}},"8":{"start":{"line":114,"column":8},"end":{"line":114,"column":43}},"9":{"start":{"line":115,"column":8},"end":{"line":115,"column":3445}},"10":{"start":{"line":120,"column":8},"end":{"line":120,"column":19}},"11":{"start":{"line":139,"column":8},"end":{"line":139,"column":4103}},"12":{"start":{"line":144,"column":8},"end":{"line":144,"column":19}},"13":{"start":{"line":165,"column":8},"end":{"line":165,"column":4864}},"14":{"start":{"line":170,"column":8},"end":{"line":170,"column":19}},"15":{"start":{"line":192,"column":8},"end":{"line":192,"column":77}},"16":{"start":{"line":193,"column":8},"end":{"line":193,"column":78}},"17":{"start":{"line":195,"column":8},"end":{"line":195,"column":56}},"18":{"start":{"line":196,"column":8},"end":{"line":196,"column":62}},"19":{"start":{"line":197,"column":8},"end":{"line":197,"column":48}},"20":{"start":{"line":210,"column":8},"end":{"line":210,"column":72}},"21":{"start":{"line":212,"column":8},"end":{"line":212,"column":46}},"22":{"start":{"line":213,"column":8},"end":{"line":213,"column":58}},"23":{"start":{"line":214,"column":8},"end":{"line":214,"column":50}},"24":{"start":{"line":229,"column":8},"end":{"line":229,"column":74}},"25":{"start":{"line":231,"column":8},"end":{"line":231,"column":45}},"26":{"start":{"line":232,"column":8},"end":{"line":232,"column":57}},"27":{"start":{"line":233,"column":8},"end":{"line":233,"column":49}},"28":{"start":{"line":254,"column":8},"end":{"line":254,"column":75}},"29":{"start":{"line":255,"column":8},"end":{"line":255,"column":75}},"30":{"start":{"line":257,"column":8},"end":{"line":257,"column":42}},"31":{"start":{"line":258,"column":8},"end":{"line":258,"column":44}},"32":{"start":{"line":268,"column":8},"end":{"line":268,"column":29}},"33":{"start":{"line":269,"column":8},"end":{"line":269,"column":8202}}},"branchMap":{"1":{"line":192,"type":"if","locations":[{"start":{"line":192,"column":8},"end":{"line":192,"column":8}},{"start":{"line":192,"column":8},"end":{"line":192,"column":8}}]},"2":{"line":193,"type":"if","locations":[{"start":{"line":193,"column":8},"end":{"line":193,"column":8}},{"start":{"line":193,"column":8},"end":{"line":193,"column":8}}]},"3":{"line":210,"type":"if","locations":[{"start":{"line":210,"column":8},"end":{"line":210,"column":8}},{"start":{"line":210,"column":8},"end":{"line":210,"column":8}}]},"4":{"line":229,"type":"if","locations":[{"start":{"line":229,"column":8},"end":{"line":229,"column":8}},{"start":{"line":229,"column":8},"end":{"line":229,"column":8}}]},"5":{"line":254,"type":"if","locations":[{"start":{"line":254,"column":8},"end":{"line":254,"column":8}},{"start":{"line":254,"column":8},"end":{"line":254,"column":8}}]},"6":{"line":255,"type":"if","locations":[{"start":{"line":255,"column":8},"end":{"line":255,"column":8}},{"start":{"line":255,"column":8},"end":{"line":255,"column":8}}]}}},
"contracts/libraries/IERC20Metadata.sol":{"l":{},"path":"/Users/mbs/insureDAO/pool-contracts/contracts/libraries/IERC20Metadata.sol","s":{},"b":{},"f":{},"fnMap":{},"statementMap":{},"branchMap":{}},
"contracts/Migrations.sol":{"l":{"9":0,"13":0,"17":0},"path":"/Users/mbs/insureDAO/pool-contracts/contracts/Migrations.sol","s":{"1":0,"2":0},"b":{"1":[0,0]},"f":{"1":0,"2":0},"fnMap":{"1":{"name":"restricted","line":8,"loc":{"start":{"line":8,"column":4},"end":{"line":14,"column":4}}},"2":{"name":"setCompleted","line":16,"loc":{"start":{"line":16,"column":4},"end":{"line":18,"column":4}}}},"statementMap":{"1":{"start":{"line":9,"column":8},"end":{"line":9,"column":218}},"2":{"start":{"line":17,"column":8},"end":{"line":17,"column":43}}},"branchMap":{"1":{"line":9,"type":"if","locations":[{"start":{"line":9,"column":8},"end":{"line":9,"column":8}},{"start":{"line":9,"column":8},"end":{"line":9,"column":8}}]}}},
"contracts/mocks/ControllerMock.sol":{"l":{"11":294,"12":294,"16":2,"17":2,"21":863,"29":10,"30":10,"34":2,"35":2,"36":2,"37":2},"path":"/Users/mbs/insureDAO/pool-contracts/contracts/mocks/ControllerMock.sol","s":{"1":294,"2":294,"3":2,"4":2,"5":863,"6":10,"7":10,"8":2,"9":2,"10":2,"11":2},"b":{"1":[2,0],"2":[10,0],"3":[2,0]},"f":{"1":294,"2":2,"3":863,"4":2,"5":10,"6":2,"7":0},"fnMap":{"1":{"name":"constructor","line":10,"loc":{"start":{"line":10,"column":4},"end":{"line":13,"column":4}}},"2":{"name":"withdraw","line":15,"loc":{"start":{"line":15,"column":4},"end":{"line":18,"column":4}}},"3":{"name":"valueAll","line":20,"loc":{"start":{"line":20,"column":4},"end":{"line":22,"column":4}}},"4":{"name":"earn","line":24,"loc":{"start":{"line":24,"column":4},"end":{"line":26,"column":4}}},"5":{"name":"setVault","line":28,"loc":{"start":{"line":28,"column":4},"end":{"line":31,"column":4}}},"6":{"name":"yield","line":33,"loc":{"start":{"line":33,"column":4},"end":{"line":38,"column":4}}},"7":{"name":"migrate","line":40,"loc":{"start":{"line":40,"column":4},"end":{"line":42,"column":4}}}},"statementMap":{"1":{"start":{"line":11,"column":8},"end":{"line":11,"column":36}},"2":{"start":{"line":12,"column":8},"end":{"line":12,"column":21}},"3":{"start":{"line":16,"column":8},"end":{"line":16,"column":44}},"4":{"start":{"line":17,"column":8},"end":{"line":17,"column":35}},"5":{"start":{"line":21,"column":8},"end":{"line":21,"column":45}},"6":{"start":{"line":29,"column":8},"end":{"line":29,"column":35}},"7":{"start":{"line":30,"column":8},"end":{"line":30,"column":31}},"8":{"start":{"line":34,"column":8},"end":{"line":34,"column":35}},"9":{"start":{"line":35,"column":8},"end":{"line":35,"column":41}},"10":{"start":{"line":36,"column":8},"end":{"line":36,"column":42}},"11":{"start":{"line":37,"column":8},"end":{"line":37,"column":39}}},"branchMap":{"1":{"line":16,"type":"if","locations":[{"start":{"line":16,"column":8},"end":{"line":16,"column":8}},{"start":{"line":16,"column":8},"end":{"line":16,"column":8}}]},"2":{"line":29,"type":"if","locations":[{"start":{"line":29,"column":8},"end":{"line":29,"column":8}},{"start":{"line":29,"column":8},"end":{"line":29,"column":8}}]},"3":{"line":34,"type":"if","locations":[{"start":{"line":34,"column":8},"end":{"line":34,"column":8}},{"start":{"line":34,"column":8},"end":{"line":34,"column":8}}]}}},
"contracts/mocks/ERC20Mock.sol":{"l":{"11":0,"17":0,"18":0,"19":0},"path":"/Users/mbs/insureDAO/pool-contracts/contracts/mocks/ERC20Mock.sol","s":{"1":0,"2":0,"3":0,"4":0},"b":{"1":[0,0]},"f":{"1":0,"2":0},"fnMap":{"1":{"name":"constructor","line":10,"loc":{"start":{"line":10,"column":4},"end":{"line":12,"column":4}}},"2":{"name":"mint","line":16,"loc":{"start":{"line":16,"column":4},"end":{"line":20,"column":4}}}},"statementMap":{"1":{"start":{"line":11,"column":8},"end":{"line":11,"column":28}},"2":{"start":{"line":17,"column":8},"end":{"line":17,"column":43}},"3":{"start":{"line":18,"column":8},"end":{"line":18,"column":32}},"4":{"start":{"line":19,"column":8},"end":{"line":19,"column":30}}},"branchMap":{"1":{"line":17,"type":"if","locations":[{"start":{"line":17,"column":8},"end":{"line":17,"column":8}},{"start":{"line":17,"column":8},"end":{"line":17,"column":8}}]}}},
"contracts/mocks/MarketMock.sol":{"l":{"9":0},"path":"/Users/mbs/insureDAO/pool-contracts/contracts/mocks/MarketMock.sol","s":{"1":0},"b":{},"f":{"1":0,"2":0},"fnMap":{"1":{"name":"constructor","line":6,"loc":{"start":{"line":6,"column":4},"end":{"line":6,"column":26}}},"2":{"name":"mint","line":8,"loc":{"start":{"line":8,"column":4},"end":{"line":10,"column":4}}}},"statementMap":{"1":{"start":{"line":9,"column":8},"end":{"line":9,"column":26}}},"branchMap":{}},
"contracts/mocks/TestERC20Mock.sol":{"l":{"13":286},"path":"/Users/mbs/insureDAO/pool-contracts/contracts/mocks/TestERC20Mock.sol","s":{"1":286},"b":{},"f":{"1":324,"2":286},"fnMap":{"1":{"name":"constructor","line":10,"loc":{"start":{"line":10,"column":4},"end":{"line":10,"column":26}}},"2":{"name":"mint","line":12,"loc":{"start":{"line":12,"column":4},"end":{"line":14,"column":4}}}},"statementMap":{"1":{"start":{"line":13,"column":8},"end":{"line":13,"column":26}}},"branchMap":{}},
"contracts/Parameters.sol":{"l":{"52":285,"56":240,"60":804,"61":802,"65":804,"69":2,"70":2,"72":2,"73":2,"74":2,"76":2,"80":2,"84":2,"86":1,"87":1,"89":1,"91":1,"95":90,"96":90,"97":90,"98":90,"102":90,"103":90,"107":90,"108":90,"112":90,"113":90,"120":65,"121":65,"128":65,"129":65,"136":90,"137":90,"144":88,"145":88,"146":88,"150":88,"151":88,"152":88,"156":42,"157":42,"164":0,"165":0,"169":223,"179":32,"180":30,"188":2,"203":30,"204":29,"206":1,"215":75,"216":75,"218":0,"227":44,"228":44,"230":0,"235":81,"236":79,"238":2,"243":39,"244":38,"246":1,"251":10,"252":8,"254":2,"259":29,"260":28,"262":1,"267":75,"268":75,"270":0,"275":0},"path":"/Users/mbs/insureDAO/pool-contracts/contracts/Parameters.sol","s":{"1":285,"2":240,"3":804,"4":804,"5":2,"6":2,"7":2,"8":2,"9":2,"10":2,"11":2,"12":2,"13":1,"14":1,"15":1,"16":1,"17":90,"18":90,"19":90,"20":90,"21":90,"22":90,"23":90,"24":90,"25":90,"26":90,"27":65,"28":65,"29":65,"30":65,"31":90,"32":90,"33":88,"34":88,"35":88,"36":88,"37":88,"38":88,"39":42,"40":42,"41":0,"42":0,"43":223,"44":32,"45":30,"46":2,"47":30,"48":29,"49":1,"50":75,"51":75,"52":0,"53":44,"54":44,"55":0,"56":81,"57":79,"58":2,"59":39,"60":38,"61":1,"62":10,"63":8,"64":2,"65":29,"66":28,"67":1,"68":75,"69":75,"70":0,"71":0},"b":{"1":[802,2],"2":[2,0],"3":[2,0],"4":[2,0],"5":[1,1],"6":[90,0],"7":[90,0],"8":[88,0],"9":[88,0],"10":[30,2],"11":[29,1],"12":[75,0],"13":[44,0],"14":[79,2],"15":[38,1],"16":[8,2],"17":[28,1],"18":[75,0]},"f":{"1":285,"2":240,"3":804,"4":804,"5":2,"6":2,"7":90,"8":90,"9":90,"10":90,"11":65,"12":65,"13":90,"14":88,"15":88,"16":42,"17":0,"18":223,"19":32,"20":30,"21":75,"22":44,"23":81,"24":39,"25":10,"26":29,"27":75,"28":0},"fnMap":{"1":{"name":"constructor","line":51,"loc":{"start":{"line":51,"column":4},"end":{"line":53,"column":4}}},"2":{"name":"getOwner","line":55,"loc":{"start":{"line":55,"column":4},"end":{"line":57,"column":4}}},"3":{"name":"onlyOwner","line":59,"loc":{"start":{"line":59,"column":4},"end":{"line":62,"column":4}}},"4":{"name":"isOwner","line":64,"loc":{"start":{"line":64,"column":4},"end":{"line":66,"column":4}}},"5":{"name":"commitTransferOwnership","line":68,"loc":{"start":{"line":68,"column":4},"end":{"line":77,"column":4}}},"6":{"name":"applyTransferOwnership","line":79,"loc":{"start":{"line":79,"column":4},"end":{"line":92,"column":4}}},"7":{"name":"setVault","line":94,"loc":{"start":{"line":94,"column":4},"end":{"line":99,"column":4}}},"8":{"name":"setLockup","line":101,"loc":{"start":{"line":101,"column":4},"end":{"line":104,"column":4}}},"9":{"name":"setGrace","line":106,"loc":{"start":{"line":106,"column":4},"end":{"line":109,"column":4}}},"10":{"name":"setMindate","line":111,"loc":{"start":{"line":111,"column":4},"end":{"line":114,"column":4}}},"11":{"name":"setCDSPremium","line":118,"loc":{"start":{"line":116,"column":4},"end":{"line":122,"column":4}}},"12":{"name":"setDepositFee","line":126,"loc":{"start":{"line":124,"column":4},"end":{"line":130,"column":4}}},"13":{"name":"setWithdrawable","line":134,"loc":{"start":{"line":132,"column":4},"end":{"line":138,"column":4}}},"14":{"name":"setPremiumModel","line":142,"loc":{"start":{"line":140,"column":4},"end":{"line":147,"column":4}}},"15":{"name":"setFeeModel","line":149,"loc":{"start":{"line":149,"column":4},"end":{"line":153,"column":4}}},"16":{"name":"setMaxList","line":155,"loc":{"start":{"line":155,"column":4},"end":{"line":158,"column":4}}},"17":{"name":"setCondition","line":162,"loc":{"start":{"line":160,"column":4},"end":{"line":166,"column":4}}},"18":{"name":"getVault","line":168,"loc":{"start":{"line":168,"column":4},"end":{"line":170,"column":4}}},"19":{"name":"getPremium","line":172,"loc":{"start":{"line":172,"column":4},"end":{"line":196,"column":4}}},"20":{"name":"getFee","line":198,"loc":{"start":{"line":198,"column":4},"end":{"line":208,"column":4}}},"21":{"name":"getDepositFee","line":210,"loc":{"start":{"line":210,"column":4},"end":{"line":220,"column":4}}},"22":{"name":"getCDSPremium","line":222,"loc":{"start":{"line":222,"column":4},"end":{"line":232,"column":4}}},"23":{"name":"getLockup","line":234,"loc":{"start":{"line":234,"column":4},"end":{"line":240,"column":4}}},"24":{"name":"getWithdrawable","line":242,"loc":{"start":{"line":242,"column":4},"end":{"line":248,"column":4}}},"25":{"name":"getGrace","line":250,"loc":{"start":{"line":250,"column":4},"end":{"line":256,"column":4}}},"26":{"name":"getMin","line":258,"loc":{"start":{"line":258,"column":4},"end":{"line":264,"column":4}}},"27":{"name":"getMaxList","line":266,"loc":{"start":{"line":266,"column":4},"end":{"line":272,"column":4}}},"28":{"name":"getCondition","line":274,"loc":{"start":{"line":274,"column":4},"end":{"line":276,"column":4}}}},"statementMap":{"1":{"start":{"line":52,"column":8},"end":{"line":52,"column":22}},"2":{"start":{"line":56,"column":8},"end":{"line":56,"column":20}},"3":{"start":{"line":60,"column":8},"end":{"line":60,"column":73}},"4":{"start":{"line":65,"column":8},"end":{"line":65,"column":34}},"5":{"start":{"line":69,"column":8},"end":{"line":69,"column":72}},"6":{"start":{"line":70,"column":8},"end":{"line":70,"column":57}},"7":{"start":{"line":72,"column":8},"end":{"line":72,"column":68}},"8":{"start":{"line":73,"column":8},"end":{"line":73,"column":46}},"9":{"start":{"line":74,"column":8},"end":{"line":74,"column":28}},"10":{"start":{"line":76,"column":8},"end":{"line":76,"column":46}},"11":{"start":{"line":80,"column":8},"end":{"line":80,"column":2782}},"12":{"start":{"line":84,"column":8},"end":{"line":84,"column":75}},"13":{"start":{"line":86,"column":8},"end":{"line":86,"column":38}},"14":{"start":{"line":87,"column":8},"end":{"line":87,"column":37}},"15":{"start":{"line":89,"column":8},"end":{"line":89,"column":21}},"16":{"start":{"line":91,"column":8},"end":{"line":91,"column":28}},"17":{"start":{"line":95,"column":8},"end":{"line":95,"column":73}},"18":{"start":{"line":96,"column":8},"end":{"line":96,"column":57}},"19":{"start":{"line":97,"column":8},"end":{"line":97,"column":31}},"20":{"start":{"line":98,"column":8},"end":{"line":98,"column":37}},"21":{"start":{"line":102,"column":8},"end":{"line":102,"column":34}},"22":{"start":{"line":103,"column":8},"end":{"line":103,"column":41}},"23":{"start":{"line":107,"column":8},"end":{"line":107,"column":33}},"24":{"start":{"line":108,"column":8},"end":{"line":108,"column":40}},"25":{"start":{"line":112,"column":8},"end":{"line":112,"column":31}},"26":{"start":{"line":113,"column":8},"end":{"line":113,"column":42}},"27":{"start":{"line":120,"column":8},"end":{"line":120,"column":38}},"28":{"start":{"line":121,"column":8},"end":{"line":121,"column":43}},"29":{"start":{"line":128,"column":8},"end":{"line":128,"column":38}},"30":{"start":{"line":129,"column":8},"end":{"line":129,"column":39}},"31":{"start":{"line":136,"column":8},"end":{"line":136,"column":39}},"32":{"start":{"line":137,"column":8},"end":{"line":137,"column":47}},"33":{"start":{"line":144,"column":8},"end":{"line":144,"column":58}},"34":{"start":{"line":145,"column":8},"end":{"line":145,"column":35}},"35":{"start":{"line":146,"column":8},"end":{"line":146,"column":42}},"36":{"start":{"line":150,"column":8},"end":{"line":150,"column":58}},"37":{"start":{"line":151,"column":8},"end":{"line":151,"column":31}},"38":{"start":{"line":152,"column":8},"end":{"line":152,"column":38}},"39":{"start":{"line":156,"column":8},"end":{"line":156,"column":35}},"40":{"start":{"line":157,"column":8},"end":{"line":157,"column":42}},"41":{"start":{"line":164,"column":8},"end":{"line":164,"column":40}},"42":{"start":{"line":165,"column":8},"end":{"line":165,"column":46}},"43":{"start":{"line":169,"column":8},"end":{"line":169,"column":30}},"44":{"start":{"line":179,"column":8},"end":{"line":179,"column":5666}},"45":{"start":{"line":180,"column":12},"end":{"line":180,"column":5726}},"46":{"start":{"line":188,"column":12},"end":{"line":188,"column":5972}},"47":{"start":{"line":203,"column":8},"end":{"line":203,"column":6318}},"48":{"start":{"line":204,"column":12},"end":{"line":204,"column":62}},"49":{"start":{"line":206,"column":12},"end":{"line":206,"column":59}},"50":{"start":{"line":215,"column":8},"end":{"line":215,"column":6643}},"51":{"start":{"line":216,"column":12},"end":{"line":216,"column":67}},"52":{"start":{"line":218,"column":12},"end":{"line":218,"column":64}},"53":{"start":{"line":227,"column":8},"end":{"line":227,"column":6976}},"54":{"start":{"line":228,"column":12},"end":{"line":228,"column":67}},"55":{"start":{"line":230,"column":12},"end":{"line":230,"column":64}},"56":{"start":{"line":235,"column":8},"end":{"line":235,"column":7260}},"57":{"start":{"line":236,"column":12},"end":{"line":236,"column":38}},"58":{"start":{"line":238,"column":12},"end":{"line":238,"column":35}},"59":{"start":{"line":243,"column":8},"end":{"line":243,"column":7488}},"60":{"start":{"line":244,"column":12},"end":{"line":244,"column":43}},"61":{"start":{"line":246,"column":12},"end":{"line":246,"column":40}},"62":{"start":{"line":251,"column":8},"end":{"line":251,"column":7724}},"63":{"start":{"line":252,"column":12},"end":{"line":252,"column":37}},"64":{"start":{"line":254,"column":12},"end":{"line":254,"column":34}},"65":{"start":{"line":259,"column":8},"end":{"line":259,"column":7940}},"66":{"start":{"line":260,"column":12},"end":{"line":260,"column":35}},"67":{"start":{"line":262,"column":12},"end":{"line":262,"column":32}},"68":{"start":{"line":267,"column":8},"end":{"line":267,"column":8154}},"69":{"start":{"line":268,"column":12},"end":{"line":268,"column":39}},"70":{"start":{"line":270,"column":12},"end":{"line":270,"column":36}},"71":{"start":{"line":275,"column":8},"end":{"line":275,"column":38}}},"branchMap":{"1":{"line":60,"type":"if","locations":[{"start":{"line":60,"column":8},"end":{"line":60,"column":8}},{"start":{"line":60,"column":8},"end":{"line":60,"column":8}}]},"2":{"line":69,"type":"if","locations":[{"start":{"line":69,"column":8},"end":{"line":69,"column":8}},{"start":{"line":69,"column":8},"end":{"line":69,"column":8}}]},"3":{"line":70,"type":"if","locations":[{"start":{"line":70,"column":8},"end":{"line":70,"column":8}},{"start":{"line":70,"column":8},"end":{"line":70,"column":8}}]},"4":{"line":80,"type":"if","locations":[{"start":{"line":80,"column":8},"end":{"line":80,"column":8}},{"start":{"line":80,"column":8},"end":{"line":80,"column":8}}]},"5":{"line":84,"type":"if","locations":[{"start":{"line":84,"column":8},"end":{"line":84,"column":8}},{"start":{"line":84,"column":8},"end":{"line":84,"column":8}}]},"6":{"line":95,"type":"if","locations":[{"start":{"line":95,"column":8},"end":{"line":95,"column":8}},{"start":{"line":95,"column":8},"end":{"line":95,"column":8}}]},"7":{"line":96,"type":"if","locations":[{"start":{"line":96,"column":8},"end":{"line":96,"column":8}},{"start":{"line":96,"column":8},"end":{"line":96,"column":8}}]},"8":{"line":144,"type":"if","locations":[{"start":{"line":144,"column":8},"end":{"line":144,"column":8}},{"start":{"line":144,"column":8},"end":{"line":144,"column":8}}]},"9":{"line":150,"type":"if","locations":[{"start":{"line":150,"column":8},"end":{"line":150,"column":8}},{"start":{"line":150,"column":8},"end":{"line":150,"column":8}}]},"10":{"line":179,"type":"if","locations":[{"start":{"line":179,"column":8},"end":{"line":179,"column":8}},{"start":{"line":179,"column":8},"end":{"line":179,"column":8
[...]
44":321,"48":89,"49":89,"50":89,"51":89,"55":234,"56":234,"57":234,"58":234,"59":234,"60":234,"64":130,"65":130,"66":130,"67":130,"71":44,"72":44,"73":44,"77":45,"78":43,"80":2,"89":221,"93":676,"97":0,"102":4,"103":4,"105":4,"106":4,"107":4,"109":4,"113":4,"117":4,"119":2,"120":2,"122":2,"124":2},"path":"/Users/mbs/insureDAO/pool-contracts/contracts/Registry.sol","s":{"1":56,"2":321,"3":89,"4":89,"5":89,"6":89,"7":234,"8":234,"9":234,"10":234,"11":234,"12":234,"13":130,"14":130,"15":130,"16":130,"17":44,"18":44,"19":44,"20":45,"21":43,"22":2,"23":221,"24":676,"25":0,"26":4,"27":4,"28":4,"29":4,"30":4,"31":4,"32":4,"33":4,"34":2,"35":2,"36":2,"37":2},"b":{"1":[52,4],"2":[89,0],"3":[89,0],"4":[234,0],"5":[234,0],"6":[234,0],"7":[130,0],"8":[44,0],"9":[43,2],"10":[4,0],"11":[4,0],"12":[4,0],"13":[2,2]},"f":{"1":56,"2":321,"3":89,"4":234,"5":130,"6":44,"7":45,"8":221,"9":676,"10":0,"11":4,"12":4},"fnMap":{"1":{"name":"onlyOwner","line":35,"loc":{"start":{"line":35,"column":4},"end":{"line":41,"column":4}}},"2":{"name":"constructor","line":43,"loc":{"start":{"line":43,"column":4},"end":{"line":45,"column":4}}},"3":{"name":"setFactory","line":47,"loc":{"start":{"line":47,"column":4},"end":{"line":52,"column":4}}},"4":{"name":"supportMarket","line":54,"loc":{"start":{"line":54,"column":4},"end":{"line":61,"column":4}}},"5":{"name":"setExistence","line":63,"loc":{"start":{"line":63,"column":4},"end":{"line":68,"column":4}}},"6":{"name":"setCDS","line":70,"loc":{"start":{"line":70,"column":4},"end":{"line":74,"column":4}}},"7":{"name":"getCDS","line":76,"loc":{"start":{"line":76,"column":4},"end":{"line":82,"column":4}}},"8":{"name":"confirmExistence","line":84,"loc":{"start":{"line":84,"column":4},"end":{"line":90,"column":4}}},"9":{"name":"isListed","line":92,"loc":{"start":{"line":92,"column":4},"end":{"line":94,"column":4}}},"10":{"name":"getAllMarkets","line":96,"loc":{"start":{"line":96,"column":4},"end":{"line":98,"column":4}}},"11":{"name":"commitTransferOwnership","line":101,"loc":{"start":{"line":101,"column":4},"end":{"line":110,"column":4}}},"12":{"name":"applyTransferOwnership","line":112,"loc":{"start":{"line":112,"column":4},"end":{"line":125,"column":4}}}},"statementMap":{"1":{"start":{"line":36,"column":8},"end":{"line":36,"column":1071}},"2":{"start":{"line":44,"column":8},"end":{"line":44,"column":25}},"3":{"start":{"line":48,"column":8},"end":{"line":48,"column":35}},"4":{"start":{"line":49,"column":8},"end":{"line":49,"column":59}},"5":{"start":{"line":50,"column":8},"end":{"line":50,"column":25}},"6":{"start":{"line":51,"column":8},"end":{"line":51,"column":33}},"7":{"start":{"line":55,"column":8},"end":{"line":55,"column":33}},"8":{"start":{"line":56,"column":8},"end":{"line":56,"column":60}},"9":{"start":{"line":57,"column":8},"end":{"line":57,"column":58}},"10":{"start":{"line":58,"column":8},"end":{"line":58,"column":31}},"11":{"start":{"line":59,"column":8},"end":{"line":59,"column":30}},"12":{"start":{"line":60,"column":8},"end":{"line":60,"column":41}},"13":{"start":{"line":64,"column":8},"end":{"line":64,"column":60}},"14":{"start":{"line":65,"column":8},"end":{"line":65,"column":71}},"15":{"start":{"line":66,"column":8},"end":{"line":66,"column":32}},"16":{"start":{"line":67,"column":8},"end":{"line":67,"column":52}},"17":{"start":{"line":71,"column":8},"end":{"line":71,"column":55}},"18":{"start":{"line":72,"column":8},"end":{"line":72,"column":27}},"19":{"start":{"line":73,"column":8},"end":{"line":73,"column":35}},"20":{"start":{"line":77,"column":8},"end":{"line":77,"column":2406}},"21":{"start":{"line":78,"column":12},"end":{"line":78,"column":34}},"22":{"start":{"line":80,"column":12},"end":{"line":80,"column":32}},"23":{"start":{"line":89,"column":8},"end":{"line":89,"column":71}},"24":{"start":{"line":93,"column":8},"end":{"line":93,"column":31}},"25":{"start":{"line":97,"column":8},"end":{"line":97,"column":25}},"26":{"start":{"line":102,"column":8},"end":{"line":102,"column":72}},"27":{"start":{"line":103,"column":8},"end":{"line":103,"column":57}},"28":{"start":{"line":105,"column":8},"end":{"line":105,"column":68}},"29":{"start":{"line":106,"column":8},"end":{"line":106,"column":46}},"30":{"start":{"line":107,"column":8},"end":{"line":107,"column":28}},"31":{"start":{"line":109,"column":8},"end":{"line":109,"column":46}},"32":{"start":{"line":113,"column":8},"end":{"line":113,"column":3477}},"33":{"start":{"line":117,"column":8},"end":{"line":117,"column":75}},"34":{"start":{"line":119,"column":8},"end":{"line":119,"column":38}},"35":{"start":{"line":120,"column":8},"end":{"line":120,"column":37}},"36":{"start":{"line":122,"column":8},"end":{"line":122,"column":21}},"37":{"start":{"line":124,"column":8},"end":{"line":124,"column":28}}},"branchMap":{"1":{"line":36,"type":"if","locations":[{"start":{"line":36,"column":8},"end":{"line":36,"column":8}},{"start":{"line":36,"column":8},"end":{"line":36,"column":8}}]},"2":{"line":48,"type":"if","locations":[{"start":{"line":48,"column":8},"end":{"line":48,"column":8}},{"start":{"line":48,"column":8},"end":{"line":48,"column":8}}]},"3":{"line":49,"type":"if","locations":[{"start":{"line":49,"column":8},"end":{"line":49,"column":8}},{"start":{"line":49,"column":8},"end":{"line":49,"column":8}}]},"4":{"line":55,"type":"if","locations":[{"start":{"line":55,"column":8},"end":{"line":55,"column":8}},{"start":{"line":55,"column":8},"end":{"line":55,"column":8}}]},"5":{"line":56,"type":"if","locations":[{"start":{"line":56,"column":8},"end":{"line":56,"column":8}},{"start":{"line":56,"column":8},"end":{"line":56,"column":8}}]},"6":{"line":57,"type":"if","locations":[{"start":{"line":57,"column":8},"end":{"line":57,"column":8}},{"start":{"line":57,"column":8},"end":{"line":57,"column":8}}]},"7":{"line":64,"type":"if","locations":[{"start":{"line":64,"column":8},"end":{"line":64,"column":8}},{"start":{"line":64,"column":8},"end":{"line":64,"column":8}}]},"8":{"line":71,"type":"if","locations":[{"start":{"line":71,"column":8},"end":{"line":71,"column":8}},{"start":{"line":71,"column":8},"end":{"line":71,"column":8}}]},"9":{"line":77,"type":"if","locations":[{"start":{"line":77,"column":8},"end":{"line":77,"column":8}},{"start":{"line":77,"column":8},"end":{"line":77,"column":8}}]},"10":{"line":102,"type":"if","locations":[{"start":{"line":102,"column":8},"end":{"line":102,"column":8}},{"start":{"line":102,"column":8},"end":{"line":102,"column":8}}]},"11":{"line":103,"type":"if","locations":[{"start":{"line":103,"column":8},"end":{"line":103,"column":8}},{"start":{"line":103,"column":8},"end":{"line":103,"column":8}}]},"12":{"line":113,"type":"if","locations":[{"start":{"line":113,"column":8},"end":{"line":113,"column":8}},{"start":{"line":113,"column":8},"end":{"line":113,"column":8}}]},"13":{"line":117,"type":"if","locations":[{"start":{"line":117,"column":8},"end":{"line":117,"column":8}},{"start":{"line":117,"column":8},"end":{"line":117,"column":8}}]}}},
"contracts/Vault.sol":{"l":{"44":6,"48":4,"56":294,"57":294,"58":294,"59":294,"75":290,"79":290,"80":72,"82":218,"83":218,"85":290,"86":290,"87":290,"88":290,"101":33,"106":33,"107":33,"108":33,"109":33,"110":0,"111":0,"113":33,"114":33,"122":5,"127":5,"130":5,"133":5,"145":0,"155":2,"165":2,"169":2,"172":2,"173":2,"174":2,"175":2,"177":2,"178":2,"187":7,"191":7,"192":7,"199":2,"200":2,"201":2,"202":2,"203":2,"212":1,"219":0,"230":1091,"231":192,"233":899,"241":699,"242":402,"244":297,"252":863,"259":0,"260":0,"261":0,"268":2,"269":2,"276":39,"283":1,"290":2,"291":2,"294":1,"295":1,"297":1,"313":2,"314":2,"316":2,"317":2,"318":2,"320":2,"327":2,"331":2,"333":1,"334":1,"336":1,"338":1},"path":"/Users/mbs/insureDAO/pool-contracts/contracts/Vault.sol","s":{"1":6,"2":294,"3":294,"4":294,"5":294,"6":290,"7":290,"8":72,"9":218,"10":218,"11":290,"12":290,"13":290,"14":290,"15":33,"16":33,"17":33,"18":33,"19":33,"20":0,"21":0,"22":33,"23":33,"24":5,"25":5,"26":5,"27":5,"28":0,"29":2,"30":2,"31":2,"32":2,"33":2,"34":2,"35":2,"36":2,"37":2,"38":7,"39":7,"40":7,"41":2,"42":2,"43":2,"44":2,"45":2,"46":1,"47":0,"48":1091,"49":192,"50":899,"51":699,"52":402,"53":297,"54":863,"55":0,"56":0,"57":0,"58":2,"59":2,"60":39,"61":1,"62":2,"63":2,"64":1,"65":1,"66":1,"67":1,"68":2,"69":2,"70":2,"71":2,"72":2,"73":2,"74":2,"75":2,"76":1,"77":1,"78":1,"79":1},"b":{"1":[4,2],"2":[290,0],"3":[72,218],"4":[33,0],"5":[0,33],"6":[5,0],"7":[2,0],"8":[2,0],"9":[7,0],"10":[2,0],"11":[192,899],"12":[402,297],"13":[2,0],"14":[1,1],"15":[1,0],"16":[2,0],"17":[2,0],"18":[2,0],"19":[1,1]},"f":{"1":6,"2":294,"3":290,"4":33,"5":5,"6":0,"7":2,"8":2,"9":7,"10":2,"11":1,"12":0,"13":1091,"14":699,"15":863,"16":0,"17":2,"18":39,"19":1,"20":2,"21":2,"22":2},"fnMap":{"1":{"name":"onlyOwner","line":43,"loc":{"start":{"line":43,"column":4},"end":{"line":49,"column":4}}},"2":{"name":"constructor","line":51,"loc":{"start":{"line":51,"column":4},"end":{"line":60,"column":4}}},"3":{"name":"addValue","line":70,"loc":{"start":{"line":70,"column":4},"end":{"line":91,"column":4}}},"4":{"name":"withdrawValue","line":97,"loc":{"start":{"line":97,"column":4},"end":{"line":115,"column":4}}},"5":{"name":"transferValue","line":121,"loc":{"start":{"line":121,"column":4},"end":{"line":136,"column":4}}},"6":{"name":"withdrawAttribution","line":141,"loc":{"start":{"line":141,"column":4},"end":{"line":146,"column":4}}},"7":{"name":"withdrawAllAttribution","line":151,"loc":{"start":{"line":151,"column":4},"end":{"line":156,"column":4}}},"8":{"name":"_withdrawAttribution","line":161,"loc":{"start":{"line":161,"column":4},"end":{"line":179,"column":4}}},"9":{"name":"transferAttribution","line":184,"loc":{"start":{"line":184,"column":4},"end":{"line":193,"column":4}}},"10":{"name":"utilize","line":198,"loc":{"start":{"line":198,"column":4},"end":{"line":205,"column":4}}},"11":{"name":"attributionOf","line":211,"loc":{"start":{"line":211,"column":4},"end":{"line":213,"column":4}}},"12":{"name":"attributionAll","line":218,"loc":{"start":{"line":218,"column":4},"end":{"line":220,"column":4}}},"13":{"name":"attributionValue","line":225,"loc":{"start":{"line":225,"column":4},"end":{"line":235,"column":4}}},"14":{"name":"underlyingValue","line":240,"loc":{"start":{"line":240,"column":4},"end":{"line":246,"column":4}}},"15":{"name":"valueAll","line":251,"loc":{"start":{"line":251,"column":4},"end":{"line":253,"column":4}}},"16":{"name":"setController","line":258,"loc":{"start":{"line":258,"column":4},"end":{"line":262,"column":4}}},"17":{"name":"_unutilize","line":267,"loc":{"start":{"line":267,"column":4},"end":{"line":270,"column":4}}},"18":{"name":"available","line":275,"loc":{"start":{"line":275,"column":4},"end":{"line":277,"column":4}}},"19":{"name":"getPricePerFullShare","line":282,"loc":{"start":{"line":282,"column":4},"end":{"line":284,"column":4}}},"20":{"name":"withdrawRedundant","line":289,"loc":{"start":{"line":289,"column":4},"end":{"line":302,"column":4}}},"21":{"name":"commitTransferOwnership","line":312,"loc":{"start":{"line":312,"column":4},"end":{"line":321,"column":4}}},"22":{"name":"applyTransferOwnership","line":326,"loc":{"start":{"line":326,"column":4},"end":{"line":339,"column":4}}}},"statementMap":{"1":{"start":{"line":44,"column":8},"end":{"line":44,"column":1223}},"2":{"start":{"line":56,"column":8},"end":{"line":56,"column":29}},"3":{"start":{"line":57,"column":8},"end":{"line":57,"column":38}},"4":{"start":{"line":58,"column":8},"end":{"line":58,"column":44}},"5":{"start":{"line":59,"column":8},"end":{"line":59,"column":25}},"6":{"start":{"line":75,"column":8},"end":{"line":75,"column":1929}},"7":{"start":{"line":79,"column":8},"end":{"line":79,"column":2055}},"8":{"start":{"line":80,"column":12},"end":{"line":80,"column":34}},"9":{"start":{"line":82,"column":12},"end":{"line":82,"column":38}},"10":{"start":{"line":83,"column":12},"end":{"line":83,"column":68}},"11":{"start":{"line":85,"column":8},"end":{"line":85,"column":60}},"12":{"start":{"line":86,"column":8},"end":{"line":86,"column":37}},"13":{"start":{"line":87,"column":8},"end":{"line":87,"column":63}},"14":{"start":{"line":88,"column":8},"end":{"line":88,"column":2437}},"15":{"start":{"line":101,"column":8},"end":{"line":101,"column":2773}},"16":{"start":{"line":106,"column":8},"end":{"line":106,"column":69}},"17":{"start":{"line":107,"column":8},"end":{"line":107,"column":77}},"18":{"start":{"line":108,"column":8},"end":{"line":108,"column":63}},"19":{"start":{"line":109,"column":8},"end":{"line":109,"column":3168}},"20":{"start":{"line":110,"column":12},"end":{"line":110,"column":56}},"21":{"start":{"line":111,"column":12},"end":{"line":111,"column":32}},"22":{"start":{"line":113,"column":8},"end":{"line":113,"column":37}},"23":{"start":{"line":114,"column":8},"end":{"line":114,"column":39}},"24":{"start":{"line":122,"column":8},"end":{"line":122,"column":3577}},"25":{"start":{"line":127,"column":8},"end":{"line":127,"column":3755}},"26":{"start":{"line":130,"column":8},"end":{"line":130,"column":3861}},"27":{"start":{"line":133,"column":8},"end":{"line":133,"column":3968}},"28":{"start":{"line":145,"column":8},"end":{"line":145,"column":56}},"29":{"start":{"line":155,"column":8},"end":{"line":155,"column":68}},"30":{"start":{"line":165,"column":8},"end":{"line":165,"column":4895}},"31":{"start":{"line":169,"column":8},"end":{"line":169,"column":5024}},"32":{"start":{"line":172,"column":8},"end":{"line":172,"column":35}},"33":{"start":{"line":173,"column":8},"end":{"line":173,"column":5167}},"34":{"start":{"line":174,"column":12},"end":{"line":174,"column":56}},"35":{"start":{"line":175,"column":12},"end":{"line":175,"column":32}},"36":{"start":{"line":177,"column":8},"end":{"line":177,"column":37}},"37":{"start":{"line":178,"column":8},"end":{"line":178,"column":39}},"38":{"start":{"line":187,"column":8},"end":{"line":187,"column":5609}},"39":{"start":{"line":191,"column":8},"end":{"line":191,"column":71}},"40":{"start":{"line":192,"column":8},"end":{"line":192,"column":75}},"41":{"start":{"line":199,"column":8},"end":{"line":199,"column":28}},"42":{"start":{"line":200,"column":8},"end":{"line":200,"column":6108}},"43":{"start":{"line":201,"column":12},"end":{"line":201,"column":59}},"44":{"start":{"line":202,"column":12},"end":{"line":202,"column":41}},"45":{"start":{"line":203,"column":12},"end":{"line":203,"column":51}},"46":{"start":{"line":212,"column":8},"end":{"line":212,"column":36}},"47":{"start":{"line":219,"column":8},"end":{"line":219,"column":32}},"48":{"start":{"line":230,"column":8},"end":{"line":230,"column":6898}},"49":{"start":{"line":231,"column":12},"end":{"line":231,"column":70}},"50":{"start":{"line":233,"column":12},"end":{"line":233,"column":20}},"51":{"start":{"line":241,"column":8},"end":{"line":241,"column":7241}},"52":{"start":{"line":242,"column":12},"end":{"line":242,"column":79}},"53":{"start":{"line":244,"column":12},"end":{"line":244,"column":20}},"54":{"start":{"line":252,"column":8},"end":{"line":252,"column":49}},"55":{"start":{"line":259,"column":8},"end":{"line":259,"column":47}},"56":{"start":{"line":260,"column":8},"end":{"line":260,"column":44}},"57":{"start":{"line":261,"column":8},"end":{"line":261,"column":39}},"58":{"start":{"line":268,"column":8},"end":{"line":268,"column":50}},"59":{"start":{"line":269,"column":8},"end":{"line":269,"column":37}},"60":{"start":{"line":276,"column":8},"end":{"line":276,"column":22}},"61":{"start":{"line":283,"column":8},"end":{"line":283,"column":58}},"62":{"start":{"line":290,"column":8},"end":{"line":290,"column":54}},"63":{"start":{"line":291,"column":8},"end":{"line":291,"column":8742}},"64":{"start":{"line":294,"column":12},"end":{"line":294,"column":76}},"65":{"start":{"line":295,"column":12},"end":{"line":295,"column":46}},"66":{"start":{"line":296,"column":15},"end":{"line":296,"column":8982}},"67":{"start":{"line":297,"column":12},"end":{"line":297,"column":9049}},"68":{"start":{"line":313,"column":8},"end":{"line":313,"column":72}},"69":{"start":{"line":314,"column":8},"end":{"line":314,"column":57}},"70":{"start":{"line":316,"column":8},"end":{"line":316,"column":68}},"71":{"start":{"line":317,"column":8},"end":{"line":317,"column":46}},"72":{"start":{"line":318,"column":8},"end":{"line":318,"column":28}},"73":{"start":{"line":320,"column":8},"end":{"line":320,"column":46}},"74":{"start":{"line":327,"column":8},"end":{"line":327,"column":9846}},"75":{"start":{"line":331,"column":8},"end":{"line":331,"column":75}},"76":{"start":{"line":333,"column":8},"end":{"line":333,"column":38}},"77":{"start":{"line":334,"column":8},"end":{"line":334,"column":37}},"78":{"start":{"line":336,"column":8},"end":{"line":336,"column":21}},"79":{"start":{"line":338,"column":8},"end":{"line":338,"column":28}}},"branchMap":{"1":{"line":44,"type":"if","locations":[{"start":{"line":44,"column":8},"end":{"line":44,"column":8}},{"start":{"line":44,"column":8},"end":{"line":44,"column":8}}]},"2":{"line":75,"type":"if","locations":[{"start":{"line":75,"column":8},"end":{"line":75,"column":8}},{"start":{"line":75,"column":8},"end":{"line":75,"column":8}}]},"3":{"line":79,"type":"if","locations":[{"start":{"line":79,"column":8},"end":{"line":79,"column":8}},{"start":{"line":79,"column":8},"end":{"line":79,"column":8}}]},"4":{"line":101,"type":"if","locations":[{"start":{"line":101,"column":8},"end":{"line":101,"column":8}},{"start":{"line":101,"column":8},"end":{"line":101,"column":8}}]},"5":{"line":109,"type":"if","locations":[{"start":{"line":109,"column":8},"end":{"line":109,"column":8}},{"start":{"line":109,"column":8},"end":{"line":109,"column":8}}]},"6":{"line":122,"type":"if","locations":[{"start":{"line":122,"column":8},"end":{"line":122,"column":8}},{"start":{"line":122,"column":8},"end":{"line":122,"column":8}}]},"7":{"line":165,"type":"if","locations":[{"start":{"line":165,"column":8},"end":{"line":165,"column":8}},{"start":{"line":165,"column":8},"end":{"line":165,"column":8}}]},"8":{"line":173,"type":"if","locations":[{"start":{"line":173,"column":8},"end":{"line":173,"column":8}},{"start":{"line":173,"column":8},"end":{"line":173,"column":8}}]},"9":{"line":187,"type":"if","locations":[{"start":{"line":187,"column":8},"end":{"line":187,"column":8}},{"start":{"line":187,"column":8},"end":{"line":187,"column":8}}]},"10":{"line":200,"type":"if","locations":[{"start":{"line":200,"column":8},"end":{"line":200,"column":8}},{"start":{"line":200,"column":8},"end":{"line":200,"column":8}}]},"11":{"line":230,"type":"if","locations":[{"start":{"line":230,"column":8},"end":{"line":230,"column":8}},{"start":{"line":230,"column":8},"end":{"line":230,"column":8}}]},"12":{"line":241,"type":"if","locations":[{"start":{"line":241,"column":8},"end":{"line":241,"column":8}},{"start":{"line":241,"column":8},"end":{"line":241,"column":8}}]},"13":{"line":290,"type":"if","locations":[{"start":{"line":290,"column":8},"end":{"line":290,"column":8}},{"start":{"line":290,"column":8},"end":{"line":290,"column":8}}]},"14":{"line":291,"type":"if","locations":[{"start":{"line":291,"column":8},"end":{"line":291,"column":8}},{"start":{"line":291,"column":8},"end":{"line":291,"column":8}}]},"15":{"line":296,"type":"if","locations":[{"start":{"line":296,"column":15},"end":{"line":296,"column":15}},{"start":{"line":296,"column":15},"end":{"line":296,"column":15}}]},"16":{"line":313,"type":"if","locations":[{"start":{"line":313,"column":8},"end":{"line":313,"column":8}},{"start":{"line":313,"column":8},"end":{"line":313,"column":8}}]},"17":{"line":314,"type":"if","locations":[{"start":{"line":314,"column":8},"end":{"line":314,"column":8}},{"start":{"line":314,"column":8},"end":{"line":314,"column":8}}]},"18":{"line":327,"type":"if","locations":[{"start":{"line":327,"column":8},"end":{"line":327,"column":8}},{"start":{"line":327,"column":8},"end":{"line":327,"column":8}}]},"19":{"line":331,"type":"if","locations":[{"start":{"line":331,"column":8},"end":{"line":331,"column":8}},{"start":{"line":331,"column":8},"end":{"line":331,"column":8}}]}}}}
