TN:
SF:/Users/mbs/insureDAO/pool-contracts/contracts/CDS.sol
FN:69,onlyOwner
FN:89,initialize
FN:125,deposit
FN:155,requestWithdraw
FN:169,withdraw
FN:209,compensate
FN:232,totalSupply
FN:239,balanceOf
FN:246,transfer
FN:258,allowance
FN:270,approve
FN:282,transferFrom
FN:299,increaseAllowance
FN:314,decreaseAllowance
FN:333,_transfer
FN:356,_mint
FN:367,_burn
FN:378,_approve
FN:399,totalLiquidity
FN:406,rate
FN:417,valueOfUnderlying
FN:436,changeMetadata
FN:444,setPaused
FN:458,_beforeTokenTransfer
FNF:24
FNH:22
FNDA:2,onlyOwner
FNDA:42,initialize
FNDA:32,deposit
FNDA:7,requestWithdraw
FNDA:6,withdraw
FNDA:1,compensate
FNDA:47,totalSupply
FNDA:12,balanceOf
FNDA:3,transfer
FNDA:4,allowance
FNDA:1,approve
FNDA:0,transferFrom
FNDA:1,increaseAllowance
FNDA:1,decreaseAllowance
FNDA:3,_transfer
FNDA:31,_mint
FNDA:3,_burn
FNDA:3,_approve
FNDA:46,totalLiquidity
FNDA:3,rate
FNDA:0,valueOfUnderlying
FNDA:1,changeMetadata
FNDA:1,setPaused
FNDA:1,_beforeTokenTransfer
DA:70,2
DA:74,2
DA:94,42
DA:104,42
DA:106,42
DA:107,42
DA:108,42
DA:110,42
DA:111,42
DA:112,42
DA:113,42
DA:115,42
DA:126,32
DA:127,31
DA:129,31
DA:130,31
DA:131,31
DA:132,31
DA:134,31
DA:135,31
DA:138,31
DA:139,16
DA:141,0
DA:143,15
DA:146,31
DA:149,31
DA:156,7
DA:157,7
DA:161,7
DA:162,7
DA:163,7
DA:171,6
DA:174,6
DA:190,3
DA:195,3
DA:198,3
DA:199,3
DA:210,1
DA:211,1
DA:212,1
DA:214,1
DA:216,0
DA:218,0
DA:220,0
DA:222,1
DA:233,47
DA:240,12
DA:251,3
DA:252,1
DA:264,4
DA:275,1
DA:276,1
DA:287,0
DA:288,0
DA:293,0
DA:303,1
DA:308,1
DA:318,1
DA:322,1
DA:327,1
DA:338,3
DA:342,2
DA:346,1
DA:348,1
DA:349,1
DA:350,1
DA:357,31
DA:359,31
DA:360,31
DA:361,31
DA:368,3
DA:370,3
DA:371,3
DA:372,3
DA:383,3
DA:388,3
DA:389,3
DA:400,46
DA:407,3
DA:408,3
DA:410,0
DA:418,0
DA:419,0
DA:420,0
DA:422,0
DA:437,1
DA:438,1
DA:445,1
DA:446,1
DA:447,1
DA:460,1
DA:461,1
DA:462,0
LF:93
LH:80
BRDA:70,1,0,2
BRDA:70,1,1,0
BRDA:94,2,0,42
BRDA:94,2,1,0
BRDA:126,3,0,31
BRDA:126,3,1,1
BRDA:127,4,0,31
BRDA:127,4,1,0
BRDA:138,5,0,16
BRDA:138,5,1,15
BRDA:140,6,0,0
BRDA:140,6,1,15
BRDA:157,7,0,7
BRDA:157,7,1,0
BRDA:174,8,0,3
BRDA:174,8,1,3
BRDA:210,9,0,1
BRDA:210,9,1,0
BRDA:212,10,0,1
BRDA:212,10,1,0
BRDA:318,11,0,1
BRDA:318,11,1,0
BRDA:338,12,0,2
BRDA:338,12,1,1
BRDA:342,13,0,1
BRDA:342,13,1,1
BRDA:357,14,0,31
BRDA:357,14,1,0
BRDA:368,15,0,3
BRDA:368,15,1,0
BRDA:383,16,0,3
BRDA:383,16,1,0
BRDA:407,17,0,3
BRDA:407,17,1,0
BRDA:419,18,0,0
BRDA:419,18,1,0
BRDA:445,19,0,1
BRDA:445,19,1,0
BRDA:461,20,0,0
BRDA:461,20,1,1
BRF:40
BRH:24
end_of_record
TN:
SF:/Users/mbs/insureDAO/pool-contracts/contracts/Factory.sol
FN:67,onlyOwner
FN:75,constructor
FN:89,approveTemplate
FN:106,approveReference
FN:121,setCondition
FN:131,createMarket
FN:198,_createClone
FN:223,commitTransferOwnership
FN:234,applyTransferOwnership
FNF:9
FNH:6
FNDA:820,onlyOwner
FNDA:264,constructor
FNDA:174,approveTemplate
FNDA:646,approveReference
FNDA:0,setCondition
FNDA:221,createMarket
FNDA:221,_createClone
FNDA:0,commitTransferOwnership
FNDA:0,applyTransferOwnership
DA:68,820
DA:72,820
DA:76,264
DA:77,264
DA:90,174
DA:91,174
DA:92,174
DA:93,174
DA:94,174
DA:107,646
DA:108,646
DA:109,646
DA:110,646
DA:122,0
DA:123,0
DA:124,0
DA:137,221
DA:141,221
DA:142,0
DA:144,221
DA:145,221
DA:146,842
DA:154,221
DA:155,221
DA:156,358
DA:157,0
DA:162,221
DA:166,221
DA:168,221
DA:175,221
DA:176,221
DA:178,221
DA:184,130
DA:186,91
DA:187,1
DA:191,220
DA:200,221
DA:201,221
DA:224,0
DA:225,0
DA:227,0
DA:228,0
DA:229,0
DA:231,0
DA:235,0
DA:239,0
DA:241,0
DA:242,0
DA:244,0
DA:246,0
LF:50
LH:33
BRDA:68,1,0,820
BRDA:68,1,1,0
BRDA:90,2,0,174
BRDA:90,2,1,0
BRDA:107,3,0,646
BRDA:107,3,1,0
BRDA:108,4,0,646
BRDA:108,4,1,0
BRDA:122,5,0,0
BRDA:122,5,1,0
BRDA:137,6,0,221
BRDA:137,6,1,0
BRDA:141,7,0,0
BRDA:141,7,1,221
BRDA:142,8,0,0
BRDA:142,8,1,0
BRDA:144,9,0,221
BRDA:144,9,1,0
BRDA:146,10,0,842
BRDA:146,10,1,0
BRDA:154,11,0,221
BRDA:154,11,1,0
BRDA:156,12,0,0
BRDA:156,12,1,358
BRDA:178,13,0,130
BRDA:178,13,1,91
BRDA:186,14,0,1
BRDA:186,14,1,90
BRDA:224,15,0,0
BRDA:224,15,1,0
BRDA:225,16,0,0
BRDA:225,16,1,0
BRDA:235,17,0,0
BRDA:235,17,1,0
BRDA:239,18,0,0
BRDA:239,18,1,0
BRF:36
BRH:14
end_of_record
TN:
SF:/Users/mbs/insureDAO/pool-contracts/contracts/FeeModel.sol
FN:21,onlyOwner
FN:26,constructor
FN:30,getFee
FN:34,setFee
FN:39,getOwner
FN:43,isOwner
FN:47,commitTransferOwnership
FN:58,applyTransferOwnership
FNF:8
FNH:7
FNDA:94,onlyOwner
FNDA:282,constructor
FNDA:30,getFee
FNDA:88,setFee
FNDA:0,getOwner
FNDA:94,isOwner
FNDA:2,commitTransferOwnership
FNDA:2,applyTransferOwnership
DA:22,94
DA:23,92
DA:27,282
DA:31,30
DA:35,88
DA:36,88
DA:40,0
DA:44,94
DA:48,2
DA:49,2
DA:51,2
DA:52,2
DA:53,2
DA:55,2
DA:59,2
DA:63,2
DA:65,1
DA:66,1
DA:68,1
DA:70,1
LF:20
LH:19
BRDA:22,1,0,92
BRDA:22,1,1,2
BRDA:35,2,0,88
BRDA:35,2,1,0
BRDA:48,3,0,2
BRDA:48,3,1,0
BRDA:49,4,0,2
BRDA:49,4,1,0
BRDA:59,5,0,2
BRDA:59,5,1,0
BRDA:63,6,0,1
BRDA:63,6,1,1
BRF:12
BRH:8
end_of_record
TN:
SF:/Users/mbs/insureDAO/pool-contracts/contracts/IndexTemplate.sol
FN:89,onlyOwner
FN:108,initialize
FN:142,deposit
FN:175,requestWithdraw
FN:189,withdraw
FN:234,withdrawable
FN:269,adjustAlloc
FN:280,_adjustAlloc
FN:357,compensate
FN:387,resume
FN:396,lock
FN:413,totalSupply
FN:420,balanceOf
FN:427,transfer
FN:439,allowance
FN:451,approve
FN:463,transferFrom
FN:480,increaseAllowance
FN:495,decreaseAllowance
FN:514,_transfer
FN:537,_mint
FN:548,_burn
FN:559,_approve
FN:580,leverage
FN:595,totalLiquidity
FN:602,rate
FN:613,valueOfUnderlying
FN:622,getAllPools
FN:633,setPaused
FN:643,changeMetadata
FN:651,setLeverage
FN:664,set
FN:701,_beforeTokenTransfer
FN:712,_accruedPremiums
FNF:34
FNH:32
FNDA:122,onlyOwner
FNDA:42,initialize
FNDA:44,deposit
FNDA:12,requestWithdraw
FNDA:15,withdraw
FNDA:26,withdrawable
FNDA:168,adjustAlloc
FNDA:175,_adjustAlloc
FNDA:3,compensate
FNDA:3,resume
FNDA:4,lock
FNDA:92,totalSupply
FNDA:19,balanceOf
FNDA:4,transfer
FNDA:4,allowance
FNDA:1,approve
FNDA:0,transferFrom
FNDA:1,increaseAllowance
FNDA:1,decreaseAllowance
FNDA:4,_transfer
FNDA:42,_mint
FNDA:7,_burn
FNDA:3,_approve
FNDA:41,leverage
FNDA:583,totalLiquidity
FNDA:3,rate
FNDA:1,valueOfUnderlying
FNDA:0,getAllPools
FNDA:1,setPaused
FNDA:1,changeMetadata
FNDA:45,setLeverage
FNDA:75,set
FNDA:2,_beforeTokenTransfer
FNDA:588,_accruedPremiums
DA:90,122
DA:94,122
DA:113,42
DA:122,42
DA:124,42
DA:125,42
DA:126,42
DA:128,42
DA:129,42
DA:130,42
DA:132,42
DA:143,44
DA:144,42
DA:146,42
DA:147,42
DA:148,42
DA:149,42
DA:150,42
DA:151,42
DA:152,42
DA:157,42
DA:159,42
DA:160,16
DA:162,0
DA:164,26
DA:166,42
DA:168,42
DA:169,42
DA:176,12
DA:177,12
DA:181,12
DA:182,12
DA:183,12
DA:191,15
DA:193,15
DA:194,14
DA:209,8
DA:215,7
DA:219,7
DA:222,7
DA:223,7
DA:225,7
DA:227,7
DA:235,26
DA:236,26
DA:237,26
DA:238,62
DA:239,60
DA:241,60
DA:242,26
DA:244,60
DA:245,0
DA:249,26
DA:250,0
DA:252,21
DA:254,5
DA:262,0
DA:270,168
DA:282,175
DA:285,175
DA:286,175
DA:287,175
DA:289,175
DA:290,306
DA:291,306
DA:294,306
DA:297,306
DA:299,306
DA:304,4
DA:305,4
DA:306,4
DA:307,4
DA:308,4
DA:310,302
DA:315,175
DA:316,306
DA:318,302
DA:322,302
DA:326,302
DA:328,302
DA:330,12
DA:331,12
DA:332,12
DA:334,302
DA:336,99
DA:337,99
DA:338,99
DA:340,302
DA:341,191
DA:358,3
DA:359,3
DA:361,2
DA:365,1
DA:366,1
DA:368,1
DA:370,1
DA:371,1
DA:374,1
DA:376,3
DA:377,3
DA:388,3
DA:389,3
DA:390,3
DA:397,4
DA:398,4
DA:399,4
DA:400,4
DA:402,4
DA:403,4
DA:414,92
DA:421,19
DA:432,4
DA:433,2
DA:445,4
DA:456,1
DA:457,1
DA:468,0
DA:469,0
DA:474,0
DA:484,1
DA:489,1
DA:499,1
DA:503,1
DA:508,1
DA:519,4
DA:523,3
DA:527,2
DA:529,2
DA:530,2
DA:531,2
DA:538,42
DA:540,42
DA:541,42
DA:542,42
DA:549,7
DA:551,7
DA:552,7
DA:553,7
DA:564,3
DA:569,3
DA:570,3
DA:582,41
DA:583,41
DA:588,0
DA:596,583
DA:603,3
DA:604,3
DA:606,0
DA:614,1
DA:615,1
DA:616,0
DA:618,1
DA:623,0
DA:634,1
DA:635,1
DA:636,1
DA:644,1
DA:645,1
DA:652,45
DA:653,45
DA:654,45
DA:665,75
DA:666,75
DA:671,75
DA:672,72
DA:673,72
DA:675,3
DA:676,0
DA:678,0
DA:680,3
DA:682,75
DA:683,33
DA:687,42
DA:689,75
DA:690,75
DA:691,75
DA:703,2
DA:704,2
DA:705,1
DA:713,588
DA:714,1166
DA:715,1147
LF:182
LH:169
BRDA:90,1,0,122
BRDA:90,1,1,0
BRDA:113,2,0,42
BRDA:113,2,1,0
BRDA:143,3,0,42
BRDA:143,3,1,2
BRDA:144,4,0,42
BRDA:144,4,1,0
BRDA:159,5,0,16
BRDA:159,5,1,26
BRDA:161,6,0,0
BRDA:161,6,1,26
BRDA:177,7,0,12
BRDA:177,7,1,0
BRDA:193,8,0,14
BRDA:193,8,1,1
BRDA:194,9,0,8
BRDA:194,9,1,6
BRDA:209,10,0,7
BRDA:209,10,1,1
BRDA:235,11,0,26
BRDA:235,11,1,0
BRDA:238,12,0,60
BRDA:238,12,1,2
BRDA:241,13,0,26
BRDA:241,13,1,34
BRDA:244,14,0,0
BRDA:244,14,1,60
BRDA:249,15,0,0
BRDA:249,15,1,26
BRDA:251,16,0,21
BRDA:251,16,1,5
BRDA:290,17,0,306
BRDA:290,17,1,0
BRDA:299,18,0,4
BRDA:299,18,1,302
BRDA:316,19,0,302
BRDA:316,19,1,4
BRDA:328,20,0,12
BRDA:328,20,1,290
BRDA:334,21,0,99
BRDA:334,21,1,203
BRDA:340,22,0,191
BRDA:340,22,1,111
BRDA:358,23,0,3
BRDA:358,23,1,0
BRDA:359,24,0,2
BRDA:359,24,1,1
BRDA:368,25,0,1
BRDA:368,25,1,0
BRDA:388,26,0,3
BRDA:388,26,1,0
BRDA:397,27,0,4
BRDA:397,27,1,0
BRDA:399,28,0,4
BRDA:399,28,1,0
BRDA:499,29,0,1
BRDA:499,29,1,0
BRDA:519,30,0,3
BRDA:519,30,1,1
BRDA:523,31,0,2
BRDA:523,31,1,1
BRDA:538,32,0,42
BRDA:538,32,1,0
BRDA:549,33,0,7
BRDA:549,33,1,0
BRDA:564,34,0,3
BRDA:564,34,1,0
BRDA:582,35,0,41
BRDA:582,35,1,0
BRDA:603,36,0,3
BRDA:603,36,1,0
BRDA:615,37,0,0
BRDA:615,37,1,1
BRDA:634,38,0,1
BRDA:634,38,1,0
BRDA:665,39,0,75
BRDA:665,39,1,0
BRDA:666,40,0,75
BRDA:666,40,1,0
BRDA:671,41,0,72
BRDA:671,41,1,3
BRDA:672,42,0,72
BRDA:672,42,1,0
BRDA:675,43,0,0
BRDA:675,43,1,3
BRDA:682,44,0,33
BRDA:682,44,1,42
BRDA:704,45,0,1
BRDA:704,45,1,1
BRDA:714,46,0,1147
BRDA:714,46,1,19
BRF:92
BRH:66
end_of_record
TN:
SF:/Users/mbs/insureDAO/pool-contracts/contracts/interfaces/ICDS.sol
FNF:0
FNH:0
LF:0
LH:0
BRF:0
BRH:0
end_of_record
TN:
SF:/Users/mbs/insureDAO/pool-contracts/contracts/interfaces/IController.sol
FNF:0
FNH:0
LF:0
LH:0
BRF:0
BRH:0
end_of_record
TN:
SF:/Users/mbs/insureDAO/pool-contracts/contracts/interfaces/IFeeModel.sol
FNF:0
FNH:0
LF:0
LH:0
BRF:0
BRH:0
end_of_record
TN:
SF:/Users/mbs/insureDAO/pool-contracts/contracts/interfaces/IIndexTemplate.sol
FNF:0
FNH:0
LF:0
LH:0
BRF:0
BRH:0
end_of_record
TN:
SF:/Users/mbs/insureDAO/pool-contracts/contracts/interfaces/IMinter.sol
FNF:0
FNH:0
LF:0
LH:0
BRF:0
BRH:0
end_of_record
TN:
SF:/Users/mbs/insureDAO/pool-contracts/contracts/interfaces/IParameters.sol
FNF:0
FNH:0
LF:0
LH:0
BRF:0
BRH:0
end_of_record
TN:
SF:/Users/mbs/insureDAO/pool-contracts/contracts/interfaces/IPoolTemplate.sol
FNF:0
FNH:0
LF:0
LH:0
BRF:0
BRH:0
end_of_record
TN:
SF:/Users/mbs/insureDAO/pool-contracts/contracts/interfaces/IPremiumModel.sol
FNF:0
FNH:0
LF:0
LH:0
BRF:0
BRH:0
end_of_record
TN:
SF:/Users/mbs/insureDAO/pool-contracts/contracts/interfaces/IRegistry.sol
FNF:0
FNH:0
LF:0
LH:0
BRF:0
BRH:0
end_of_record
TN:
SF:/Users/mbs/insureDAO/pool-contracts/contracts/interfaces/IUniversalMarket.sol
FNF:0
FNH:0
LF:0
LH:0
BRF:0
BRH:0
end_of_record
TN:
SF:/Users/mbs/insureDAO/pool-contracts/contracts/interfaces/IVault.sol
FNF:0
FNH:0
LF:0
LH:0
BRF:0
BRH:0
end_of_record
TN:
SF:/Users/mbs/insureDAO/pool-contracts/contracts/libraries/ERC20.sol
FN:41,totalSupply
FN:48,balanceOf
FN:60,transfer
FN:72,allowance
FN:88,approve
FN:109,transferFrom
FN:135,increaseAllowance
FN:161,decreaseAllowance
FN:187,_transfer
FN:209,_mint
FN:228,_burn
FN:249,_approve
FN:267,_burnFrom
FNF:13
FNH:7
FNDA:0,totalSupply
FNDA:908,balanceOf
FNDA:43,transfer
FNDA:0,allowance
FNDA:147,approve
FNDA:290,transferFrom
FNDA:0,increaseAllowance
FNDA:0,decreaseAllowance
FNDA:333,_transfer
FNDA:286,_mint
FNDA:0,_burn
FNDA:437,_approve
FNDA:0,_burnFrom
DA:42,0
DA:49,908
DA:65,43
DA:66,43
DA:78,0
DA:93,147
DA:94,147
DA:114,290
DA:115,290
DA:120,290
DA:139,0
DA:144,0
DA:165,0
DA:170,0
DA:192,333
DA:193,333
DA:195,333
DA:196,333
DA:197,333
DA:210,286
DA:212,286
DA:213,286
DA:214,286
DA:229,0
DA:231,0
DA:232,0
DA:233,0
DA:254,437
DA:255,437
DA:257,437
DA:258,437
DA:268,0
DA:269,0
LF:33
LH:21
BRDA:192,1,0,333
BRDA:192,1,1,0
BRDA:193,2,0,333
BRDA:193,2,1,0
BRDA:210,3,0,286
BRDA:210,3,1,0
BRDA:229,4,0,0
BRDA:229,4,1,0
BRDA:254,5,0,437
BRDA:254,5,1,0
BRDA:255,6,0,437
BRDA:255,6,1,0
BRF:12
BRH:5
end_of_record
TN:
SF:/Users/mbs/insureDAO/pool-contracts/contracts/libraries/IERC20Metadata.sol
FNF:0
FNH:0
LF:0
LH:0
BRF:0
BRH:0
end_of_record
TN:
SF:/Users/mbs/insureDAO/pool-contracts/contracts/Migrations.sol
FN:8,restricted
FN:16,setCompleted
FNF:2
FNH:0
FNDA:0,restricted
FNDA:0,setCompleted
DA:9,0
DA:13,0
DA:17,0
LF:3
LH:0
BRDA:9,1,0,0
BRDA:9,1,1,0
BRF:2
BRH:0
end_of_record
TN:
SF:/Users/mbs/insureDAO/pool-contracts/contracts/mocks/ControllerMock.sol
FN:10,constructor
FN:15,withdraw
FN:20,valueAll
FN:24,earn
FN:28,setVault
FN:33,yield
FN:40,migrate
FNF:7
FNH:6
FNDA:294,constructor
FNDA:2,withdraw
FNDA:863,valueAll
FNDA:2,earn
FNDA:10,setVault
FNDA:2,yield
FNDA:0,migrate
DA:11,294
DA:12,294
DA:16,2
DA:17,2
DA:21,863
DA:29,10
DA:30,10
DA:34,2
DA:35,2
DA:36,2
DA:37,2
LF:11
LH:11
BRDA:16,1,0,2
BRDA:16,1,1,0
BRDA:29,2,0,10
BRDA:29,2,1,0
BRDA:34,3,0,2
BRDA:34,3,1,0
BRF:6
BRH:3
end_of_record
TN:
SF:/Users/mbs/insureDAO/pool-contracts/contracts/mocks/ERC20Mock.sol
FN:10,constructor
FN:16,mint
FNF:2
FNH:0
FNDA:0,constructor
FNDA:0,mint
DA:11,0
DA:17,0
DA:18,0
DA:19,0
LF:4
LH:0
BRDA:17,1,0,0
BRDA:17,1,1,0
BRF:2
BRH:0
end_of_record
TN:
SF:/Users/mbs/insureDAO/pool-contracts/contracts/mocks/MarketMock.sol
FN:6,constructor
FN:8,mint
FNF:2
FNH:0
FNDA:0,constructor
FNDA:0,mint
DA:9,0
LF:1
LH:0
BRF:0
BRH:0
end_of_record
TN:
SF:/Users/mbs/insureDAO/pool-contracts/contracts/mocks/TestERC20Mock.sol
FN:10,constructor
FN:12,mint
FNF:2
FNH:2
FNDA:324,constructor
FNDA:286,mint
DA:13,286
LF:1
LH:1
BRF:0
BRH:0
end_of_record
TN:
SF:/Users/mbs/insureDAO/pool-contracts/contracts/Parameters.sol
FN:51,constructor
FN:55,getOwner
FN:59,onlyOwner
FN:64,isOwner
FN:68,commitTransferOwnership
FN:79,applyTransferOwnership
FN:94,setVault
FN:101,setLockup
FN:106,setGrace
FN:111,setMindate
FN:118,setCDSPremium
FN:126,setDepositFee
FN:134,setWithdrawable
FN:142,setPremiumModel
FN:149,setFeeModel
FN:155,setMaxList
FN:162,setCondition
FN:168,getVault
FN:172,getPremium
FN:198,getFee
FN:210,getDepositFee
FN:222,getCDSPremium
FN:234,getLockup
FN:242,getWithdrawable
FN:250,getGrace
FN:258,getMin
FN:266,getMaxList
FN:274,getCondition
FNF:28
FNH:26
FNDA:285,constructor
FNDA:240,getOwner
FNDA:804,onlyOwner
FNDA:804,isOwner
FNDA:2,commitTransferOwnership
FNDA:2,applyTransferOwnership
FNDA:90,setVault
FNDA:90,setLockup
FNDA:90,setGrace
FNDA:90,setMindate
FNDA:65,setCDSPremium
FNDA:65,setDepositFee
FNDA:90,setWithdrawable
FNDA:88,setPremiumModel
FNDA:88,setFeeModel
FNDA:42,setMaxList
FNDA:0,setCondition
FNDA:223,getVault
FNDA:32,getPremium
FNDA:30,getFee
FNDA:75,getDepositFee
FNDA:44,getCDSPremium
FNDA:81,getLockup
FNDA:39,getWithdrawable
FNDA:10,getGrace
FNDA:29,getMin
FNDA:75,getMaxList
FNDA:0,getCondition
DA:52,285
DA:56,240
DA:60,804
DA:61,802
DA:65,804
DA:69,2
DA:70,2
DA:72,2
DA:73,2
DA:74,2
DA:76,2
DA:80,2
DA:84,2
DA:86,1
DA:87,1
DA:89,1
DA:91,1
DA:95,90
DA:96,90
DA:97,90
DA:98,90
DA:102,90
DA:103,90
DA:107,90
DA:108,90
DA:112,90
DA:113,90
DA:120,65
DA:121,65
DA:128,65
DA:129,65
DA:136,90
DA:137,90
DA:144,88
DA:145,88
DA:146,88
DA:150,88
DA:151,88
DA:152,88
DA:156,42
DA:157,42
DA:164,0
DA:165,0
DA:169,223
DA:179,32
DA:180,30
DA:188,2
DA:203,30
DA:204,29
DA:206,1
DA:215,75
DA:216,75
DA:218,0
DA:227,44
DA:228,44
DA:230,0
DA:235,81
DA:236,79
DA:238,2
DA:243,39
DA:244,38
DA:246,1
DA:251,10
DA:252,8
DA:254,2
DA:259,29
DA:260,28
DA:262,1
DA:267,75
DA:268,75
DA:270,0
DA:275,0
LF:72
LH:66
BRDA:60,1,0,802
BRDA:60,1,1,2
BRDA:69,2,0,2
BRDA:69,2,1,0
BRDA:70,3,0,2
BRDA:70,3,1,0
BRDA:80,4,0,2
BRDA:80,4,1,0
BRDA:84,5,0,1
BRDA:84,5,1,1
BRDA:95,6,0,90
BRDA:95,6,1,0
BRDA:96,7,0,90
BRDA:96,7,1,0
BRDA:144,8,0,88
BRDA:144,8,1,0
BRDA:150,9,0,88
BRDA:150,9,1,0
BRDA:179,10,0,30
BRDA:179,10,1,2
BRDA:203,11,0,29
BRDA:203,11,1,1
BRDA:215,12,0,75
BRDA:215,12,1,0
BRDA:227,13,0,44
BRDA:227,13,1,0
BRDA:235,14,0,79
BRDA:235,14,1,2
BRDA:243,15,0,38
BRDA:243,15,1,1
BRDA:251,16,0,8
BRDA:251,16,1,2
BRDA:259,17,0,28
BRDA:259,17,1,1
BRDA:267,18,0,75
BRDA:267,18,1,0
BRF:36
BRH:26
end_of_record
TN:
SF:/Users/mbs/insureDAO/pool-contracts/contracts/PoolTemplate.sol
FN:147,onlyOwner
FN:167,initialize
FN:216,deposit
FN:242,requestWithdraw
FN:256,withdraw
FN:302,unlockBatch
FN:311,unlock
FN:335,allocateCredit
FN:372,withdrawCredit
FN:415,insure
FN:495,redeem
FN:568,transferInsurance
FN:586,getPremium
FN:616,applyCover
FN:647,resume
FN:664,totalSupply
FN:671,balanceOf
FN:678,transfer
FN:690,allowance
FN:702,approve
FN:714,transferFrom
FN:731,increaseAllowance
FN:746,decreaseAllowance
FN:765,_transfer
FN:789,_mint
FN:800,_burn
FN:811,_approve
FN:832,rate
FN:846,valueOfUnderlying
FN:861,pendingPremium
FN:877,worth
FN:893,allocatedCredit
FN:900,allInsuranceCount
FN:907,getInsuranceCount
FN:914,availableBalance
FN:925,utilizationRate
FN:937,totalLiquidity
FN:948,setPaused
FN:958,changeMetadata
FN:970,_beforeTokenTransfer
FN:981,_divCeil
FN:991,_divMinus
FN:1001,_sub
FNF:43
FNH:42
FNDA:18,onlyOwner
FNDA:137,initialize
FNDA:52,deposit
FNDA:24,requestWithdraw
FNDA:22,withdraw
FNDA:1,unlockBatch
FNDA:11,unlock
FNDA:291,allocateCredit
FNDA:16,withdrawCredit
FNDA:29,insure
FNDA:10,redeem
FNDA:3,transferInsurance
FNDA:30,getPremium
FNDA:13,applyCover
FNDA:12,resume
FNDA:98,totalSupply
FNDA:37,balanceOf
FNDA:4,transfer
FNDA:4,allowance
FNDA:1,approve
FNDA:0,transferFrom
FNDA:1,increaseAllowance
FNDA:1,decreaseAllowance
FNDA:4,_transfer
FNDA:50,_mint
FNDA:15,_burn
FNDA:3,_approve
FNDA:3,rate
FNDA:6,valueOfUnderlying
FNDA:1148,pendingPremium
FNDA:50,worth
FNDA:639,allocatedCredit
FNDA:1,allInsuranceCount
FNDA:2,getInsuranceCount
FNDA:697,availableBalance
FNDA:64,utilizationRate
FNDA:1043,totalLiquidity
FNDA:4,setPaused
FNDA:1,changeMetadata
FNDA:2,_beforeTokenTransfer
FNDA:3,_divCeil
FNDA:22,_divMinus
FNDA:685,_sub
DA:148,18
DA:152,18
DA:172,137
DA:181,137
DA:183,137
DA:190,137
DA:193,137
DA:195,137
DA:196,137
DA:197,137
DA:199,137
DA:201,137
DA:203,137
DA:204,137
DA:205,0
DA:217,52
DA:224,50
DA:226,50
DA:231,50
DA:233,50
DA:236,50
DA:243,24
DA:244,24
DA:248,23
DA:249,23
DA:250,23
DA:257,22
DA:259,22
DA:260,22
DA:262,22
DA:266,21
DA:280,16
DA:285,15
DA:290,15
DA:293,15
DA:294,15
DA:296,15
DA:303,1
DA:304,2
DA:312,11
DA:313,11
DA:320,6
DA:322,6
DA:324,6
DA:339,291
DA:343,291
DA:344,291
DA:345,72
DA:346,72
DA:348,291
DA:349,63
DA:353,63
DA:354,2
DA:357,291
DA:358,99
DA:359,99
DA:362,99
DA:364,291
DA:376,16
DA:377,16
DA:385,16
DA:391,16
DA:392,15
DA:393,15
DA:396,15
DA:400,16
DA:401,4
DA:402,4
DA:422,29
DA:423,29
DA:424,29
DA:425,29
DA:427,29
DA:431,28
DA:432,28
DA:437,26
DA:443,25
DA:445,25
DA:452,25
DA:453,25
DA:454,25
DA:463,25
DA:464,25
DA:467,25
DA:470,25
DA:473,25
DA:474,7
DA:479,25
DA:489,25
DA:496,10
DA:497,10
DA:499,10
DA:500,10
DA:501,10
DA:502,10
DA:504,10
DA:508,8
DA:509,8
DA:520,8
DA:521,8
DA:523,8
DA:526,8
DA:531,8
DA:532,3
DA:533,3
DA:537,3
DA:541,3
DA:545,8
DA:549,8
DA:553,8
DA:556,8
DA:569,3
DA:571,3
DA:579,1
DA:580,1
DA:591,30
DA:617,13
DA:621,13
DA:622,13
DA:623,13
DA:624,13
DA:625,13
DA:626,13
DA:627,13
DA:628,4
DA:629,4
DA:632,13
DA:641,13
DA:648,12
DA:653,12
DA:654,12
DA:665,98
DA:672,37
DA:683,4
DA:684,2
DA:696,4
DA:707,1
DA:708,1
DA:719,0
DA:720,0
DA:725,0
DA:735,1
DA:740,1
DA:750,1
DA:754,1
DA:759,1
DA:770,4
DA:774,3
DA:779,2
DA:781,2
DA:782,2
DA:783,2
DA:790,50
DA:792,50
DA:793,50
DA:794,50
DA:801,15
DA:803,15
DA:804,15
DA:805,15
DA:816,3
DA:821,3
DA:822,3
DA:833,3
DA:834,3
DA:839,0
DA:847,6
DA:848,6
DA:849,0
DA:851,6
DA:862,1148
DA:863,1148
DA:864,542
DA:866,606
DA:878,50
DA:879,50
DA:880,17
DA:884,0
DA:886,33
DA:894,639
DA:901,1
DA:908,2
DA:915,697
DA:916,240
DA:918,457
DA:926,64
DA:927,7
DA:930,57
DA:938,1043
DA:949,4
DA:950,4
DA:951,4
DA:959,1
DA:960,1
DA:972,2
DA:973,2
DA:974,1
DA:982,3
DA:983,3
DA:984,3
DA:985,3
DA:992,22
DA:993,22
DA:994,22
DA:995,22
DA:1002,685
DA:1003,0
DA:1005,685
LF:208
LH:200
BRDA:148,1,0,18
BRDA:148,1,1,0
BRDA:172,2,0,137
BRDA:172,2,1,0
BRDA:204,3,0,0
BRDA:204,3,1,137
BRDA:217,4,0,50
BRDA:217,4,1,2
BRDA:244,5,0,23
BRDA:244,5,1,1
BRDA:262,6,0,21
BRDA:262,6,1,1
BRDA:266,7,0,16
BRDA:266,7,1,5
BRDA:280,8,0,15
BRDA:280,8,1,1
BRDA:313,9,0,6
BRDA:313,9,1,5
BRDA:339,10,0,291
BRDA:339,10,1,0
BRDA:344,11,0,72
BRDA:344,11,1,219
BRDA:348,12,0,63
BRDA:348,12,1,228
BRDA:353,13,0,2
BRDA:353,13,1,61
BRDA:357,14,0,99
BRDA:357,14,1,192
BRDA:377,15,0,16
BRDA:377,15,1,0
BRDA:391,16,0,15
BRDA:391,16,1,1
BRDA:400,17,0,4
BRDA:400,17,1,12
BRDA:427,18,0,28
BRDA:427,18,1,1
BRDA:431,19,0,28
BRDA:431,19,1,0
BRDA:432,20,0,26
BRDA:432,20,1,2
BRDA:437,21,0,25
BRDA:437,21,1,1
BRDA:473,22,0,7
BRDA:473,22,1,18
BRDA:497,23,0,10
BRDA:497,23,1,0
BRDA:504,24,0,8
BRDA:504,24,1,2
BRDA:508,25,0,8
BRDA:508,25,1,0
BRDA:509,26,0,8
BRDA:509,26,1,0
BRDA:532,27,0,3
BRDA:532,27,1,0
BRDA:571,28,0,1
BRDA:571,28,1,2
BRDA:617,29,0,13
BRDA:617,29,1,0
BRDA:628,30,0,4
BRDA:628,30,1,0
BRDA:648,31,0,12
BRDA:648,31,1,0
BRDA:750,32,0,1
BRDA:750,32,1,0
BRDA:770,33,0,3
BRDA:770,33,1,1
BRDA:774,34,0,2
BRDA:774,34,1,1
BRDA:790,35,0,50
BRDA:790,35,1,0
BRDA:801,36,0,15
BRDA:801,36,1,0
BRDA:816,37,0,3
BRDA:816,37,1,0
BRDA:833,38,0,3
BRDA:833,38,1,0
BRDA:848,39,0,0
BRDA:848,39,1,6
BRDA:863,40,0,542
BRDA:863,40,1,606
BRDA:879,41,0,17
BRDA:879,41,1,33
BRDA:883,42,0,0
BRDA:883,42,1,33
BRDA:915,43,0,240
BRDA:915,43,1,457
BRDA:926,44,0,7
BRDA:926,44,1,57
BRDA:949,45,0,4
BRDA:949,45,1,0
BRDA:973,46,0,1
BRDA:973,46,1,1
BRDA:982,47,0,3
BRDA:982,47,1,0
BRDA:984,48,0,0
BRDA:984,48,1,3
BRDA:992,49,0,22
BRDA:992,49,1,0
BRDA:994,50,0,1
BRDA:994,50,1,21
BRDA:1002,51,0,0
BRDA:1002,51,1,685
BRF:102
BRH:77
end_of_record
TN:
SF:/Users/mbs/insureDAO/pool-contracts/contracts/PremiumModels/ABDKMath64x64.sol
FN:34,fromInt
FN:46,toInt
FN:57,fromUInt
FN:69,toUInt
FN:81,from128x128
FN:94,to128x128
FN:105,add
FN:118,sub
FN:131,mul
FN:145,muli
FN:181,mulu
FN:205,div
FN:220,divi
FN:250,divu
FN:263,neg
FN:274,abs
FN:286,inv
FN:300,avg
FN:312,gavg
FN:328,pow
FN:407,sqrt
FN:418,log_2
FN:449,ln
FN:462,exp_2
FN:610,exp
FN:627,divuu
FN:675,sqrtu
FNF:27
FNH:4
FNDA:0,fromInt
FNDA:0,toInt
FNDA:46,fromUInt
FNDA:0,toUInt
FNDA:0,from128x128
FNDA:0,to128x128
FNDA:0,add
FNDA:0,sub
FNDA:0,mul
FNDA:0,muli
FNDA:46,mulu
FNDA:0,div
FNDA:0,divi
FNDA:0,divu
FNDA:0,neg
FNDA:0,abs
FNDA:0,inv
FNDA:0,avg
FNDA:0,gavg
FNDA:0,pow
FNDA:0,sqrt
FNDA:46,log_2
FNDA:46,ln
FNDA:0,exp_2
FNDA:0,exp
FNDA:0,divuu
FNDA:0,sqrtu
DA:35,0
DA:36,0
DA:47,0
DA:58,46
DA:59,46
DA:70,0
DA:71,0
DA:82,0
DA:83,0
DA:84,0
DA:95,0
DA:106,0
DA:107,0
DA:108,0
DA:119,0
DA:120,0
DA:121,0
DA:132,0
DA:133,0
DA:134,0
DA:146,0
DA:147,0
DA:149,0
DA:151,0
DA:152,0
DA:153,0
DA:154,0
DA:156,0
DA:157,0
DA:158,0
DA:160,0
DA:161,0
DA:162,0
DA:164,0
DA:166,0
DA:168,0
DA:182,46
DA:184,46
DA:186,46
DA:187,46
DA:189,46
DA:190,46
DA:192,46
DA:194,46
DA:206,0
DA:207,0
DA:208,0
DA:209,0
DA:221,0
DA:223,0
DA:224,0
DA:225,0
DA:226,0
DA:228,0
DA:229,0
DA:230,0
DA:232,0
DA:233,0
DA:234,0
DA:235,0
DA:237,0
DA:238,0
DA:251,0
DA:252,0
DA:253,0
DA:254,0
DA:264,0
DA:265,0
DA:275,0
DA:276,0
DA:287,0
DA:288,0
DA:289,0
DA:290,0
DA:301,0
DA:313,0
DA:314,0
DA:315,0
DA:317,0
DA:329,0
DA:331,0
DA:332,0
DA:333,0
DA:335,0
DA:336,0
DA:337,0
DA:338,0
DA:339,0
DA:341,0
DA:343,0
DA:344,0
DA:346,0
DA:348,0
DA:349,0
DA:351,0
DA:353,0
DA:354,0
DA:356,0
DA:358,0
DA:361,0
DA:363,0
DA:364,0
DA:365,0
DA:366,0
DA:367,0
DA:368,0
DA:369,0
DA:371,0
DA:372,0
DA:373,0
DA:375,0
DA:376,0
DA:377,0
DA:378,0
DA:379,0
DA:380,0
DA:383,0
DA:384,0
DA:385,0
DA:386,0
DA:387,0
DA:390,0
DA:393,0
DA:394,0
DA:396,0
DA:397,0
DA:398,0
DA:408,0
DA:409,0
DA:419,46
DA:421,46
DA:422,46
DA:423,46
DA:424,46
DA:425,46
DA:426,46
DA:427,46
DA:428,46
DA:429,46
DA:431,46
DA:432,46
DA:433,46
DA:434,2944
DA:435,2944
DA:436,2944
DA:437,2944
DA:440,46
DA:450,46
DA:452,46
DA:463,0
DA:465,0
DA:467,0
DA:469,0
DA:470,0
DA:471,0
DA:472,0
DA:473,0
DA:474,0
DA:475,0
DA:476,0
DA:477,0
DA:478,0
DA:479,0
DA:480,0
DA:481,0
DA:482,0
DA:483,0
DA:484,0
DA:485,0
DA:486,0
DA:487,0
DA:488,0
DA:489,0
DA:490,0
DA:491,0
DA:492,0
DA:493,0
DA:494,0
DA:495,0
DA:496,0
DA:497,0
DA:498,0
DA:499,0
DA:500,0
DA:501,0
DA:502,0
DA:503,0
DA:504,0
DA:505,0
DA:506,0
DA:507,0
DA:508,0
DA:509,0
DA:510,0
DA:511,0
DA:512,0
DA:513,0
DA:514,0
DA:515,0
DA:516,0
DA:517,0
DA:518,0
DA:519,0
DA:520,0
DA:521,0
DA:522,0
DA:523,0
DA:524,0
DA:525,0
DA:526,0
DA:527,0
DA:528,0
DA:529,0
DA:530,0
DA:531,0
DA:532,0
DA:533,0
DA:534,0
DA:535,0
DA:536,0
DA:537,0
DA:538,0
DA:539,0
DA:540,0
DA:541,0
DA:542,0
DA:543,0
DA:544,0
DA:545,0
DA:546,0
DA:547,0
DA:548,0
DA:549,0
DA:550,0
DA:551,0
DA:552,0
DA:553,0
DA:554,0
DA:555,0
DA:556,0
DA:557,0
DA:558,0
DA:559,0
DA:560,0
DA:561,0
DA:562,0
DA:563,0
DA:564,0
DA:565,0
DA:566,0
DA:567,0
DA:568,0
DA:569,0
DA:570,0
DA:571,0
DA:572,0
DA:573,0
DA:574,0
DA:575,0
DA:576,0
DA:577,0
DA:578,0
DA:579,0
DA:580,0
DA:581,0
DA:582,0
DA:583,0
DA:584,0
DA:585,0
DA:586,0
DA:587,0
DA:588,0
DA:589,0
DA:590,0
DA:591,0
DA:592,0
DA:593,0
DA:594,0
DA:595,0
DA:596,0
DA:598,0
DA:599,0
DA:601,0
DA:611,0
DA:613,0
DA:615,0
DA:628,0
DA:630,0
DA:632,0
DA:633,0
DA:635,0
DA:636,0
DA:637,0
DA:638,0
DA:639,0
DA:640,0
DA:641,0
DA:642,0
DA:644,0
DA:645,0
DA:647,0
DA:648,0
DA:650,0
DA:651,0
DA:653,0
DA:654,0
DA:655,0
DA:656,0
DA:657,0
DA:659,0
DA:661,0
DA:664,0
DA:665,0
DA:676,0
DA:678,0
DA:679,0
DA:680,0
DA:681,0
DA:682,0
DA:683,0
DA:684,0
DA:685,0
DA:686,0
DA:687,0
DA:688,0
DA:689,0
DA:690,0
DA:691,0
DA:692,0
DA:693,0
DA:694,0
DA:695,0
LF:332
LH:30
BRDA:35,1,0,0
BRDA:35,1,1,0
BRDA:58,2,0,46
BRDA:58,2,1,0
BRDA:70,3,0,0
BRDA:70,3,1,0
BRDA:83,4,0,0
BRDA:83,4,1,0
BRDA:107,5,0,0
BRDA:107,5,1,0
BRDA:120,6,0,0
BRDA:120,6,1,0
BRDA:133,7,0,0
BRDA:133,7,1,0
BRDA:146,8,0,0
BRDA:146,8,1,0
BRDA:147,9,0,0
BRDA:147,9,1,0
BRDA:152,10,0,0
BRDA:152,10,1,0
BRDA:156,11,0,0
BRDA:156,11,1,0
BRDA:161,12,0,0
BRDA:161,12,1,0
BRDA:162,13,0,0
BRDA:162,13,1,0
BRDA:166,14,0,0
BRDA:166,14,1,0
BRDA:182,15,0,0
BRDA:182,15,1,46
BRDA:184,16,0,46
BRDA:184,16,1,0
BRDA:189,17,0,46
BRDA:189,17,1,0
BRDA:192,18,0,46
BRDA:192,18,1,0
BRDA:206,19,0,0
BRDA:206,19,1,0
BRDA:208,20,0,0
BRDA:208,20,1,0
BRDA:221,21,0,0
BRDA:221,21,1,0
BRDA:224,22,0,0
BRDA:224,22,1,0
BRDA:228,23,0,0
BRDA:228,23,1,0
BRDA:233,24,0,0
BRDA:233,24,1,0
BRDA:234,25,0,0
BRDA:234,25,1,0
BRDA:237,26,0,0
BRDA:237,26,1,0
BRDA:251,27,0,0
BRDA:251,27,1,0
BRDA:253,28,0,0
BRDA:253,28,1,0
BRDA:264,29,0,0
BRDA:264,29,1,0
BRDA:275,30,0,0
BRDA:275,30,1,0
BRDA:287,31,0,0
BRDA:287,31,1,0
BRDA:289,32,0,0
BRDA:289,32,1,0
BRDA:314,33,0,0
BRDA:314,33,1,0
BRDA:315,34,0,0
BRDA:315,34,1,0
BRDA:335,35,0,0
BRDA:335,35,1,0
BRDA:338,36,0,0
BRDA:338,36,1,0
BRDA:343,37,0,0
BRDA:343,37,1,0
BRDA:348,38,0,0
BRDA:348,38,1,0
BRDA:353,39,0,0
BRDA:353,39,1,0
BRDA:364,40,0,0
BRDA:364,40,1,0
BRDA:365,41,0,0
BRDA:365,41,1,0
BRDA:366,42,0,0
BRDA:366,42,1,0
BRDA:367,43,0,0
BRDA:367,43,1,0
BRDA:368,44,0,0
BRDA:368,44,1,0
BRDA:369,45,0,0
BRDA:369,45,1,0
BRDA:373,46,0,0
BRDA:373,46,1,0
BRDA:375,47,0,0
BRDA:375,47,1,0
BRDA:378,48,0,0
BRDA:378,48,1,0
BRDA:385,49,0,0
BRDA:385,49,1,0
BRDA:393,50,0,0
BRDA:393,50,1,0
BRDA:397,51,0,0
BRDA:397,51,1,0
BRDA:408,52,0,0
BRDA:408,52,1,0
BRDA:419,53,0,46
BRDA:419,53,1,0
BRDA:423,54,0,46
BRDA:423,54,1,0
BRDA:424,55,0,0
BRDA:424,55,1,46
BRDA:425,56,0,40
BRDA:425,56,1,6
BRDA:426,57,0,6
BRDA:426,57,1,40
BRDA:427,58,0,5
BRDA:427,58,1,41
BRDA:428,59,0,27
BRDA:428,59,1,19
BRDA:429,60,0,30
BRDA:429,60,1,16
BRDA:450,61,0,46
BRDA:450,61,1,0
BRDA:463,62,0,0
BRDA:463,62,1,0
BRDA:465,63,0,0
BRDA:465,63,1,0
BRDA:469,64,0,0
BRDA:469,64,1,0
BRDA:471,65,0,0
BRDA:471,65,1,0
BRDA:473,66,0,0
BRDA:473,66,1,0
BRDA:475,67,0,0
BRDA:475,67,1,0
BRDA:477,68,0,0
BRDA:477,68,1,0
BRDA:479,69,0,0
BRDA:479,69,1,0
BRDA:481,70,0,0
BRDA:481,70,1,0
BRDA:483,71,0,0
BRDA:483,71,1,0
BRDA:485,72,0,0
BRDA:485,72,1,0
BRDA:487,73,0,0
BRDA:487,73,1,0
BRDA:489,74,0,0
BRDA:489,74,1,0
BRDA:491,75,0,0
BRDA:491,75,1,0
BRDA:493,76,0,0
BRDA:493,76,1,0
BRDA:495,77,0,0
BRDA:495,77,1,0
BRDA:497,78,0,0
BRDA:497,78,1,0
BRDA:499,79,0,0
BRDA:499,79,1,0
BRDA:501,80,0,0
BRDA:501,80,1,0
BRDA:503,81,0,0
BRDA:503,81,1,0
BRDA:505,82,0,0
BRDA:505,82,1,0
BRDA:507,83,0,0
BRDA:507,83,1,0
BRDA:509,84,0,0
BRDA:509,84,1,0
BRDA:511,85,0,0
BRDA:511,85,1,0
BRDA:513,86,0,0
BRDA:513,86,1,0
BRDA:515,87,0,0
BRDA:515,87,1,0
BRDA:517,88,0,0
BRDA:517,88,1,0
BRDA:519,89,0,0
BRDA:519,89,1,0
BRDA:521,90,0,0
BRDA:521,90,1,0
BRDA:523,91,0,0
BRDA:523,91,1,0
BRDA:525,92,0,0
BRDA:525,92,1,0
BRDA:527,93,0,0
BRDA:527,93,1,0
BRDA:529,94,0,0
BRDA:529,94,1,0
BRDA:531,95,0,0
BRDA:531,95,1,0
BRDA:533,96,0,0
BRDA:533,96,1,0
BRDA:535,97,0,0
BRDA:535,97,1,0
BRDA:537,98,0,0
BRDA:537,98,1,0
BRDA:539,99,0,0
BRDA:539,99,1,0
BRDA:541,100,0,0
BRDA:541,100,1,0
BRDA:543,101,0,0
BRDA:543,101,1,0
BRDA:545,102,0,0
BRDA:545,102,1,0
BRDA:547,103,0,0
BRDA:547,103,1,0
BRDA:549,104,0,0
BRDA:549,104,1,0
BRDA:551,105,0,0
BRDA:551,105,1,0
BRDA:553,106,0,0
BRDA:553,106,1,0
BRDA:555,107,0,0
BRDA:555,107,1,0
BRDA:557,108,0,0
BRDA:557,108,1,0
BRDA:559,109,0,0
BRDA:559,109,1,0
BRDA:561,110,0,0
BRDA:561,110,1,0
BRDA:563,111,0,0
BRDA:563,111,1,0
BRDA:565,112,0,0
BRDA:565,112,1,0
BRDA:567,113,0,0
BRDA:567,113,1,0
BRDA:569,114,0,0
BRDA:569,114,1,0
BRDA:571,115,0,0
BRDA:571,115,1,0
BRDA:573,116,0,0
BRDA:573,116,1,0
BRDA:575,117,0,0
BRDA:575,117,1,0
BRDA:577,118,0,0
BRDA:577,118,1,0
BRDA:579,119,0,0
BRDA:579,119,1,0
BRDA:581,120,0,0
BRDA:581,120,1,0
BRDA:583,121,0,0
BRDA:583,121,1,0
BRDA:585,122,0,0
BRDA:585,122,1,0
BRDA:587,123,0,0
BRDA:587,123,1,0
BRDA:589,124,0,0
BRDA:589,124,1,0
BRDA:591,125,0,0
BRDA:591,125,1,0
BRDA:593,126,0,0
BRDA:593,126,1,0
BRDA:595,127,0,0
BRDA:595,127,1,0
BRDA:599,128,0,0
BRDA:599,128,1,0
BRDA:611,129,0,0
BRDA:611,129,1,0
BRDA:613,130,0,0
BRDA:613,130,1,0
BRDA:628,131,0,0
BRDA:628,131,1,0
BRDA:632,132,0,0
BRDA:632,132,1,0
BRDA:637,133,0,0
BRDA:637,133,1,0
BRDA:638,134,0,0
BRDA:638,134,1,0
BRDA:639,135,0,0
BRDA:639,135,1,0
BRDA:640,136,0,0
BRDA:640,136,1,0
BRDA:641,137,0,0
BRDA:641,137,1,0
BRDA:642,138,0,0
BRDA:642,138,1,0
BRDA:645,139,0,0
BRDA:645,139,1,0
BRDA:653,140,0,0
BRDA:653,140,1,0
BRDA:656,141,0,0
BRDA:656,141,1,0
BRDA:664,142,0,0
BRDA:664,142,1,0
BRDA:676,143,0,0
BRDA:676,143,1,0
BRDA:680,144,0,0
BRDA:680,144,1,0
BRDA:681,145,0,0
BRDA:681,145,1,0
BRDA:682,146,0,0
BRDA:682,146,1,0
BRDA:683,147,0,0
BRDA:683,147,1,0
BRDA:684,148,0,0
BRDA:684,148,1,0
BRDA:685,149,0,0
BRDA:685,149,1,0
BRDA:686,150,0,0
BRDA:686,150,1,0
BRF:300
BRH:19
end_of_record
TN:
SF:/Users/mbs/insureDAO/pool-contracts/contracts/PremiumModels/BondingPremiumV1.sol
FN:41,onlyOwner
FN:49,constructor
FN:68,getCurrentPremiumRate
FN:106,getPremium
FN:138,setPremium
FN:160,setPremium2
FN:170,sqrt
FN:180,commitTransferOwnership
FN:190,acceptTransferOwnership
FNF:9
FNH:9
FNDA:5,onlyOwner
FNDA:45,constructor
FNDA:5,getCurrentPremiumRate
FNDA:3,getPremium
FNDA:1,setPremium
FNDA:2,setPremium2
FNDA:46,sqrt
FNDA:4,commitTransferOwnership
FNDA:3,acceptTransferOwnership
DA:42,5
DA:43,3
DA:50,45
DA:51,45
DA:52,45
DA:56,45
DA:57,45
DA:58,45
DA:60,45
DA:74,5
DA:77,5
DA:79,5
DA:80,5
DA:82,2
DA:89,3
DA:98,5
DA:112,3
DA:113,1
DA:116,2
DA:117,2
DA:120,2
DA:121,2
DA:122,2
DA:125,2
DA:127,2
DA:140,1
DA:141,1
DA:142,1
DA:161,2
DA:163,1
DA:164,1
DA:165,1
DA:171,46
DA:172,46
DA:173,46
DA:174,1059
DA:175,1059
DA:185,4
DA:186,3
DA:187,3
DA:195,3
DA:196,2
DA:198,1
DA:200,1
LF:44
LH:44
BRDA:42,1,0,3
BRDA:42,1,1,2
BRDA:80,2,0,2
BRDA:80,2,1,3
BRDA:112,3,0,1
BRDA:112,3,1,2
BRDA:161,4,0,1
BRDA:161,4,1,1
BRDA:185,5,0,3
BRDA:185,5,1,1
BRDA:195,6,0,2
BRDA:195,6,1,1
BRDA:196,7,0,1
BRDA:196,7,1,1
BRF:14
BRH:14
end_of_record
TN:
SF:/Users/mbs/insureDAO/pool-contracts/contracts/PremiumModels/BondingPremiumV2.sol
FN:41,onlyOwner
FN:46,constructor
FN:65,getCurrentPremiumRate
FN:105,getPremiumRate
FN:143,getPremium
FN:170,setPremium
FN:187,setPremium2
FN:195,sqrt
FN:204,commitTransferOwnership
FN:214,acceptTransferOwnership
FNF:10
FNH:10
FNDA:7,onlyOwner
FNDA:64,constructor
FNDA:7,getCurrentPremiumRate
FNDA:23,getPremiumRate
FNDA:26,getPremium
FNDA:1,setPremium
FNDA:4,setPremium2
FNDA:1,sqrt
FNDA:4,commitTransferOwnership
FNDA:3,acceptTransferOwnership
DA:42,7
DA:43,5
DA:47,64
DA:49,63
DA:50,63
DA:53,63
DA:54,63
DA:55,63
DA:71,7
DA:74,7
DA:76,7
DA:77,7
DA:79,1
DA:86,6
DA:95,7
DA:111,23
DA:113,23
DA:114,23
DA:115,1
DA:117,23
DA:118,23
DA:121,23
DA:122,23
DA:123,23
DA:126,23
DA:127,23
DA:128,23
DA:131,23
DA:133,23
DA:149,26
DA:150,25
DA:152,24
DA:153,1
DA:156,23
DA:158,23
DA:160,23
DA:172,1
DA:173,1
DA:174,1
DA:188,4
DA:190,3
DA:191,3
DA:192,3
DA:196,1
DA:197,1
DA:198,1
DA:199,24
DA:200,24
DA:209,4
DA:210,3
DA:211,3
DA:219,3
DA:220,2
DA:222,1
DA:224,1
LF:55
LH:55
BRDA:42,1,0,5
BRDA:42,1,1,2
BRDA:47,2,0,63
BRDA:47,2,1,1
BRDA:77,3,0,1
BRDA:77,3,1,6
BRDA:114,4,0,1
BRDA:114,4,1,22
BRDA:149,5,0,25
BRDA:149,5,1,1
BRDA:150,6,0,24
BRDA:150,6,1,1
BRDA:152,7,0,1
BRDA:152,7,1,23
BRDA:188,8,0,3
BRDA:188,8,1,1
BRDA:209,9,0,3
BRDA:209,9,1,1
BRDA:219,10,0,2
BRDA:219,10,1,1
BRDA:220,11,0,1
BRDA:220,11,1,1
BRF:22
BRH:22
end_of_record
TN:
SF:/Users/mbs/insureDAO/pool-contracts/contracts/PremiumModels/PremiumModel.sol
FN:21,onlyOwner
FN:26,constructor
FN:30,getPremium
FN:55,getPremiumRate
FN:80,setPremium
FN:86,getOwner
FN:90,isOwner
FN:94,commitTransferOwnership
FN:105,applyTransferOwnership
FNF:9
FNH:8
FNDA:95,onlyOwner
FNDA:285,constructor
FNDA:32,getPremium
FNDA:1,getPremiumRate
FNDA:89,setPremium
FNDA:0,getOwner
FNDA:95,isOwner
FNDA:2,commitTransferOwnership
FNDA:2,applyTransferOwnership
DA:22,95
DA:23,93
DA:27,285
DA:36,32
DA:37,0
DA:40,32
DA:46,32
DA:48,32
DA:50,32
DA:52,32
DA:61,1
DA:64,1
DA:66,1
DA:68,1
DA:70,1
DA:82,89
DA:83,89
DA:87,0
DA:91,95
DA:95,2
DA:96,2
DA:98,2
DA:99,2
DA:100,2
DA:102,2
DA:106,2
DA:110,2
DA:112,1
DA:113,1
DA:115,1
DA:117,1
LF:31
LH:29
BRDA:22,1,0,93
BRDA:22,1,1,2
BRDA:36,2,0,0
BRDA:36,2,1,32
BRDA:95,3,0,2
BRDA:95,3,1,0
BRDA:96,4,0,2
BRDA:96,4,1,0
BRDA:106,5,0,2
BRDA:106,5,1,0
BRDA:110,6,0,1
BRDA:110,6,1,1
BRF:12
BRH:8
end_of_record
TN:
SF:/Users/mbs/insureDAO/pool-contracts/contracts/Registry.sol
FN:35,onlyOwner
FN:43,constructor
FN:47,setFactory
FN:54,supportMarket
FN:63,setExistence
FN:70,setCDS
FN:76,getCDS
FN:84,confirmExistence
FN:92,isListed
FN:96,getAllMarkets
FN:101,commitTransferOwnership
FN:112,applyTransferOwnership
FNF:12
FNH:11
FNDA:56,onlyOwner
FNDA:321,constructor
FNDA:89,setFactory
FNDA:234,supportMarket
FNDA:130,setExistence
FNDA:44,setCDS
FNDA:45,getCDS
FNDA:221,confirmExistence
FNDA:676,isListed
FNDA:0,getAllMarkets
FNDA:4,commitTransferOwnership
FNDA:4,applyTransferOwnership
DA:36,56
DA:40,52
DA:44,321
DA:48,89
DA:49,89
DA:50,89
DA:51,89
DA:55,234
DA:56,234
DA:57,234
DA:58,234
DA:59,234
DA:60,234
DA:64,130
DA:65,130
DA:66,130
DA:67,130
DA:71,44
DA:72,44
DA:73,44
DA:77,45
DA:78,43
DA:80,2
DA:89,221
DA:93,676
DA:97,0
DA:102,4
DA:103,4
DA:105,4
DA:106,4
DA:107,4
DA:109,4
DA:113,4
DA:117,4
DA:119,2
DA:120,2
DA:122,2
DA:124,2
LF:38
LH:37
BRDA:36,1,0,52
BRDA:36,1,1,4
BRDA:48,2,0,89
BRDA:48,2,1,0
BRDA:49,3,0,89
BRDA:49,3,1,0
BRDA:55,4,0,234
BRDA:55,4,1,0
BRDA:56,5,0,234
BRDA:56,5,1,0
BRDA:57,6,0,234
BRDA:57,6,1,0
BRDA:64,7,0,130
BRDA:64,7,1,0
BRDA:71,8,0,44
BRDA:71,8,1,0
BRDA:77,9,0,43
BRDA:77,9,1,2
BRDA:102,10,0,4
BRDA:102,10,1,0
BRDA:103,11,0,4
BRDA:103,11,1,0
BRDA:113,12,0,4
BRDA:113,12,1,0
BRDA:117,13,0,2
BRDA:117,13,1,2
BRF:26
BRH:16
end_of_record
TN:
SF:/Users/mbs/insureDAO/pool-contracts/contracts/Vault.sol
FN:43,onlyOwner
FN:51,constructor
FN:70,addValue
FN:97,withdrawValue
FN:121,transferValue
FN:141,withdrawAttribution
FN:151,withdrawAllAttribution
FN:161,_withdrawAttribution
FN:184,transferAttribution
FN:198,utilize
FN:211,attributionOf
FN:218,attributionAll
FN:225,attributionValue
FN:240,underlyingValue
FN:251,valueAll
FN:258,setController
FN:267,_unutilize
FN:275,available
FN:282,getPricePerFullShare
FN:289,withdrawRedundant
FN:312,commitTransferOwnership
FN:326,applyTransferOwnership
FNF:22
FNH:19
FNDA:6,onlyOwner
FNDA:294,constructor
FNDA:290,addValue
FNDA:33,withdrawValue
FNDA:5,transferValue
FNDA:0,withdrawAttribution
FNDA:2,withdrawAllAttribution
FNDA:2,_withdrawAttribution
FNDA:7,transferAttribution
FNDA:2,utilize
FNDA:1,attributionOf
FNDA:0,attributionAll
FNDA:1091,attributionValue
FNDA:699,underlyingValue
FNDA:863,valueAll
FNDA:0,setController
FNDA:2,_unutilize
FNDA:39,available
FNDA:1,getPricePerFullShare
FNDA:2,withdrawRedundant
FNDA:2,commitTransferOwnership
FNDA:2,applyTransferOwnership
DA:44,6
DA:48,4
DA:56,294
DA:57,294
DA:58,294
DA:59,294
DA:75,290
DA:79,290
DA:80,72
DA:82,218
DA:83,218
DA:85,290
DA:86,290
DA:87,290
DA:88,290
DA:101,33
DA:106,33
DA:107,33
DA:108,33
DA:109,33
DA:110,0
DA:111,0
DA:113,33
DA:114,33
DA:122,5
DA:127,5
DA:130,5
DA:133,5
DA:145,0
DA:155,2
DA:165,2
DA:169,2
DA:172,2
DA:173,2
DA:174,2
DA:175,2
DA:177,2
DA:178,2
DA:187,7
DA:191,7
DA:192,7
DA:199,2
DA:200,2
DA:201,2
DA:202,2
DA:203,2
DA:212,1
DA:219,0
DA:230,1091
DA:231,192
DA:233,899
DA:241,699
DA:242,402
DA:244,297
DA:252,863
DA:259,0
DA:260,0
DA:261,0
DA:268,2
DA:269,2
DA:276,39
DA:283,1
DA:290,2
DA:291,2
DA:294,1
DA:295,1
DA:297,1
DA:313,2
DA:314,2
DA:316,2
DA:317,2
DA:318,2
DA:320,2
DA:327,2
DA:331,2
DA:333,1
DA:334,1
DA:336,1
DA:338,1
LF:79
LH:72
BRDA:44,1,0,4
BRDA:44,1,1,2
BRDA:75,2,0,290
BRDA:75,2,1,0
BRDA:79,3,0,72
BRDA:79,3,1,218
BRDA:101,4,0,33
BRDA:101,4,1,0
BRDA:109,5,0,0
BRDA:109,5,1,33
BRDA:122,6,0,5
BRDA:122,6,1,0
BRDA:165,7,0,2
BRDA:165,7,1,0
BRDA:173,8,0,2
BRDA:173,8,1,0
BRDA:187,9,0,7
BRDA:187,9,1,0
BRDA:200,10,0,2
BRDA:200,10,1,0
BRDA:230,11,0,192
BRDA:230,11,1,899
BRDA:241,12,0,402
BRDA:241,12,1,297
BRDA:290,13,0,2
BRDA:290,13,1,0
BRDA:291,14,0,1
BRDA:291,14,1,1
BRDA:296,15,0,1
BRDA:296,15,1,0
BRDA:313,16,0,2
BRDA:313,16,1,0
BRDA:314,17,0,2
BRDA:314,17,1,0
BRDA:327,18,0,2
BRDA:327,18,1,0
BRDA:331,19,0,1
BRDA:331,19,1,1
BRF:38
BRH:25
end_of_record
